2024-08-28 11:36:29,369 - WARNING - Bắt đầu chương trình
2024-08-28 11:36:29,430 - WARNING - Bắt đầu chức năng: Chọn thư mục
2024-08-28 11:36:32,354 - INFO - Đã chọn: C:/Users/vvn20206205/Downloads/video/TouchTyping/contents/thu/2Tay/FastTypingMasteryFromBeginnertoExpertin45Minutes_VVN
2024-08-28 11:36:32,354 - WARNING - Kết thúc chức năng: Chọn thư mục
2024-08-28 11:36:32,354 - WARNING - C:/Users/vvn20206205/Downloads/video/TouchTyping/contents/thu/2Tay/FastTypingMasteryFromBeginnertoExpertin45Minutes_VVN
2024-08-28 11:36:34,624 - WARNING - Bắt đầu chức năng: Tất cả 2
2024-08-28 11:36:34,639 - INFO - TachFileSub: Tạo file sub Việt Nam phiên bản 1
2024-08-28 11:36:34,639 - INFO - TachFileSub: sub_file=C:/Users/vvn20206205/Downloads/video/TouchTyping/contents/thu/2Tay\FastTypingMasteryFromBeginnertoExpertin45Minutes_VVN\000000001\000000001_merge.vvn.nghia
2024-08-28 11:36:34,640 - INFO - TachFileSub: new_file=C:/Users/vvn20206205/Downloads/video/TouchTyping/contents/thu/2Tay\FastTypingMasteryFromBeginnertoExpertin45Minutes_VVN\000000001\000000001_vn1.vvn.nghia
2024-08-28 11:36:34,641 - INFO - TachFileSub: sub_file=C:/Users/vvn20206205/Downloads/video/TouchTyping/contents/thu/2Tay\FastTypingMasteryFromBeginnertoExpertin45Minutes_VVN\000000001\000000002_merge.vvn.nghia
2024-08-28 11:36:34,641 - INFO - TachFileSub: new_file=C:/Users/vvn20206205/Downloads/video/TouchTyping/contents/thu/2Tay\FastTypingMasteryFromBeginnertoExpertin45Minutes_VVN\000000001\000000002_vn1.vvn.nghia
2024-08-28 11:36:34,643 - INFO - TachFileSub: sub_file=C:/Users/vvn20206205/Downloads/video/TouchTyping/contents/thu/2Tay\FastTypingMasteryFromBeginnertoExpertin45Minutes_VVN\000000001\000000003_merge.vvn.nghia
2024-08-28 11:36:34,643 - INFO - TachFileSub: new_file=C:/Users/vvn20206205/Downloads/video/TouchTyping/contents/thu/2Tay\FastTypingMasteryFromBeginnertoExpertin45Minutes_VVN\000000001\000000003_vn1.vvn.nghia
2024-08-28 11:36:34,644 - INFO - TachFileSub: sub_file=C:/Users/vvn20206205/Downloads/video/TouchTyping/contents/thu/2Tay\FastTypingMasteryFromBeginnertoExpertin45Minutes_VVN\000000001\000000004_merge.vvn.nghia
2024-08-28 11:36:34,644 - INFO - TachFileSub: new_file=C:/Users/vvn20206205/Downloads/video/TouchTyping/contents/thu/2Tay\FastTypingMasteryFromBeginnertoExpertin45Minutes_VVN\000000001\000000004_vn1.vvn.nghia
2024-08-28 11:36:34,645 - INFO - TachFileSub: sub_file=C:/Users/vvn20206205/Downloads/video/TouchTyping/contents/thu/2Tay\FastTypingMasteryFromBeginnertoExpertin45Minutes_VVN\000000002\000000005_merge.vvn.nghia
2024-08-28 11:36:34,645 - INFO - TachFileSub: new_file=C:/Users/vvn20206205/Downloads/video/TouchTyping/contents/thu/2Tay\FastTypingMasteryFromBeginnertoExpertin45Minutes_VVN\000000002\000000005_vn1.vvn.nghia
2024-08-28 11:36:34,646 - INFO - TachFileSub: sub_file=C:/Users/vvn20206205/Downloads/video/TouchTyping/contents/thu/2Tay\FastTypingMasteryFromBeginnertoExpertin45Minutes_VVN\000000002\000000006_merge.vvn.nghia
2024-08-28 11:36:34,647 - INFO - TachFileSub: new_file=C:/Users/vvn20206205/Downloads/video/TouchTyping/contents/thu/2Tay\FastTypingMasteryFromBeginnertoExpertin45Minutes_VVN\000000002\000000006_vn1.vvn.nghia
2024-08-28 11:36:34,647 - INFO - TachFileSub: sub_file=C:/Users/vvn20206205/Downloads/video/TouchTyping/contents/thu/2Tay\FastTypingMasteryFromBeginnertoExpertin45Minutes_VVN\000000002\000000007_merge.vvn.nghia
2024-08-28 11:36:34,648 - INFO - TachFileSub: new_file=C:/Users/vvn20206205/Downloads/video/TouchTyping/contents/thu/2Tay\FastTypingMasteryFromBeginnertoExpertin45Minutes_VVN\000000002\000000007_vn1.vvn.nghia
2024-08-28 11:36:34,648 - INFO - TachFileSub: sub_file=C:/Users/vvn20206205/Downloads/video/TouchTyping/contents/thu/2Tay\FastTypingMasteryFromBeginnertoExpertin45Minutes_VVN\000000002\000000008_merge.vvn.nghia
2024-08-28 11:36:34,649 - INFO - TachFileSub: new_file=C:/Users/vvn20206205/Downloads/video/TouchTyping/contents/thu/2Tay\FastTypingMasteryFromBeginnertoExpertin45Minutes_VVN\000000002\000000008_vn1.vvn.nghia
2024-08-28 11:36:34,650 - INFO - TachFileSub: sub_file=C:/Users/vvn20206205/Downloads/video/TouchTyping/contents/thu/2Tay\FastTypingMasteryFromBeginnertoExpertin45Minutes_VVN\000000003\000000010_merge.vvn.nghia
2024-08-28 11:36:34,650 - INFO - TachFileSub: new_file=C:/Users/vvn20206205/Downloads/video/TouchTyping/contents/thu/2Tay\FastTypingMasteryFromBeginnertoExpertin45Minutes_VVN\000000003\000000010_vn1.vvn.nghia
2024-08-28 11:36:34,651 - INFO - TachFileSub: sub_file=C:/Users/vvn20206205/Downloads/video/TouchTyping/contents/thu/2Tay\FastTypingMasteryFromBeginnertoExpertin45Minutes_VVN\000000003\000000011_merge.vvn.nghia
2024-08-28 11:36:34,652 - INFO - TachFileSub: new_file=C:/Users/vvn20206205/Downloads/video/TouchTyping/contents/thu/2Tay\FastTypingMasteryFromBeginnertoExpertin45Minutes_VVN\000000003\000000011_vn1.vvn.nghia
2024-08-28 11:36:34,652 - INFO - TachFileSub: sub_file=C:/Users/vvn20206205/Downloads/video/TouchTyping/contents/thu/2Tay\FastTypingMasteryFromBeginnertoExpertin45Minutes_VVN\000000003\000000012_merge.vvn.nghia
2024-08-28 11:36:34,653 - INFO - TachFileSub: new_file=C:/Users/vvn20206205/Downloads/video/TouchTyping/contents/thu/2Tay\FastTypingMasteryFromBeginnertoExpertin45Minutes_VVN\000000003\000000012_vn1.vvn.nghia
2024-08-28 11:36:34,654 - INFO - TachFileSub: Tạo file sub Việt Nam phiên bản 2 (format file 1)
2024-08-28 11:36:34,656 - INFO - TachFileSub: sub_file=C:/Users/vvn20206205/Downloads/video/TouchTyping/contents/thu/2Tay/FastTypingMasteryFromBeginnertoExpertin45Minutes_VVN\000000001\000000001_vn1.vvn.nghia
2024-08-28 11:36:34,657 - INFO - TachFileSub: new_file=C:/Users/vvn20206205/Downloads/video/TouchTyping/contents/thu/2Tay/FastTypingMasteryFromBeginnertoExpertin45Minutes_VVN\000000001\000000001_vn2.vvn.nghia
2024-08-28 11:36:34,670 - INFO - FormatFileSub: line=00:00:00,150 --> 00:00:27,460
2024-08-28 11:36:34,670 - INFO - FormatFileSub: line=00:00:00,150 --> 00:00:27,460
2024-08-28 11:36:34,671 - INFO - FormatFileSub: line=Trước khi đi vào nội dung, tôi chỉ muốn nói lời cảm ơn vì đã tham gia khóa học, tên tôi là Adam và tôi sẽ là người hướng dẫn của bạn. Tôi đã đánh máy từ khi còn nhỏ nhưng điều đó sẽ được nói nhiều hơn trong phần tôi là ai
2024-08-28 11:36:34,671 - INFO - FormatFileSub: line=Trước khi đi vào nội dung, tôi chỉ muốn nói lời cảm ơn vì đã tham gia khóa học, tên tôi là Adam và tôi sẽ là người hướng dẫn của bạn. Tôi đã đánh máy từ khi còn nhỏ nhưng điều đó sẽ được nói nhiều hơn trong phần tôi là ai
2024-08-28 11:36:34,672 - INFO - FormatFileSub: line=tôi chỉ muốn chính thức giới thiệu bản thân tôi muốn cảm ơn bạn vì đã dành thời gian trong ngày để tìm hiểu thêm về khóa học và nếu bạn có bất kỳ phản hồi hoặc câu hỏi nào, chỉ cần biết rằng tôi luôn sẵn sàng trợ giúp.
2024-08-28 11:36:34,673 - INFO - FormatFileSub: line=tôi chỉ muốn chính thức giới thiệu bản thân tôi muốn cảm ơn bạn vì đã dành thời gian trong ngày để tìm hiểu thêm về khóa học và nếu bạn có bất kỳ phản hồi hoặc câu hỏi nào, chỉ cần biết rằng tôi luôn sẵn sàng trợ giúp.
2024-08-28 11:36:34,674 - INFO - TachFileSub: sub_file=C:/Users/vvn20206205/Downloads/video/TouchTyping/contents/thu/2Tay/FastTypingMasteryFromBeginnertoExpertin45Minutes_VVN\000000001\000000002_vn1.vvn.nghia
2024-08-28 11:36:34,675 - INFO - TachFileSub: new_file=C:/Users/vvn20206205/Downloads/video/TouchTyping/contents/thu/2Tay/FastTypingMasteryFromBeginnertoExpertin45Minutes_VVN\000000001\000000002_vn2.vvn.nghia
2024-08-28 11:36:34,682 - INFO - FormatFileSub: line=00:00:00,240 --> 00:00:14,550
2024-08-28 11:36:34,682 - INFO - FormatFileSub: line=00:00:00,240 --> 00:00:14,550
2024-08-28 11:36:34,682 - INFO - FormatFileSub: line=Như bạn có thể đã biết hiện nay, đánh máy là một kỹ năng rất quan trọng cần học trong xã hội ngày nay bởi vì mọi thứ chúng ta đã phát triển đều liên quan đến công nghệ, mọi thứ đều là điện thoại, mọi thứ đều là máy tính, mọi thứ đều là máy tính bảng và là trung tâm của tất cả.
2024-08-28 11:36:34,683 - INFO - FormatFileSub: line=Như bạn có thể đã biết hiện nay, đánh máy là một kỹ năng rất quan trọng cần học trong xã hội ngày nay bởi vì mọi thứ chúng ta đã phát triển đều liên quan đến công nghệ, mọi thứ đều là điện thoại, mọi thứ đều là máy tính, mọi thứ đều là máy tính bảng và là trung tâm của tất cả.
2024-08-28 11:36:34,684 - INFO - FormatFileSub: line=00:00:14,910 --> 00:00:33,160
2024-08-28 11:36:34,684 - INFO - FormatFileSub: line=00:00:14,910 --> 00:00:33,160
2024-08-28 11:36:34,684 - INFO - FormatFileSub: line=Mọi thứ đều là giao tiếp và chúng ta giao tiếp thông qua việc gõ phím. Chúng ta đã tiến bộ rất nhiều theo cách đó và tôi nghĩ đó thực sự là lý
2024-08-28 11:36:34,685 - INFO - FormatFileSub: line=Mọi thứ đều là giao tiếp và chúng ta giao tiếp thông qua việc gõ phím. Chúng ta đã tiến bộ rất nhiều theo cách đó và tôi nghĩ đó thực sự là lý
2024-08-28 11:36:34,685 - INFO - FormatFileSub: line=do quan trọng nhất tại sao chúng ta nên học cách gõ đúng mà không chỉ nó còn mang lại rất nhiều lợi ích khác mà chúng ta sẽ nói đến bây giờ.
2024-08-28 11:36:34,685 - INFO - FormatFileSub: line=do quan trọng nhất tại sao chúng ta nên học cách gõ đúng mà không chỉ nó còn mang lại rất nhiều lợi ích khác mà chúng ta sẽ nói đến bây giờ.
2024-08-28 11:36:34,686 - INFO - TachFileSub: sub_file=C:/Users/vvn20206205/Downloads/video/TouchTyping/contents/thu/2Tay/FastTypingMasteryFromBeginnertoExpertin45Minutes_VVN\000000001\000000003_vn1.vvn.nghia
2024-08-28 11:36:34,687 - INFO - TachFileSub: new_file=C:/Users/vvn20206205/Downloads/video/TouchTyping/contents/thu/2Tay/FastTypingMasteryFromBeginnertoExpertin45Minutes_VVN\000000001\000000003_vn2.vvn.nghia
2024-08-28 11:36:34,695 - INFO - FormatFileSub: line=00:00:00,210 --> 00:00:13,920
2024-08-28 11:36:34,696 - INFO - FormatFileSub: line=00:00:00,210 --> 00:00:13,920
2024-08-28 11:36:34,696 - INFO - FormatFileSub: line=Như tôi đã đề cập trước đây, xã hội đã thích nghi với công nghệ và việc thích ứng với công nghệ đòi hỏi phải thích ứng với việc đánh máy và ngoài ra, tôi nghĩ rằng việc học cách đánh máy đúng cách thực sự cũng mang lại rất nhiều lợi ích khác.
2024-08-28 11:36:34,698 - INFO - FormatFileSub: line=Như tôi đã đề cập trước đây, xã hội đã thích nghi với công nghệ và việc thích ứng với công nghệ đòi hỏi phải thích ứng với việc đánh máy và ngoài ra, tôi nghĩ rằng việc học cách đánh máy đúng cách thực sự cũng mang lại rất nhiều lợi ích khác.
2024-08-28 11:36:34,698 - INFO - FormatFileSub: line=00:00:14,280 --> 00:00:26,830
2024-08-28 11:36:34,698 - INFO - FormatFileSub: line=00:00:14,280 --> 00:00:26,830
2024-08-28 11:36:34,698 - INFO - FormatFileSub: line=Hai trong số đó tôi nghĩ là quan trọng nhất và rõ ràng nhất là nó sẽ tăng năng suất ngay nếu bạn gõ nhanh hơn, bạn hoàn thành công việc nhanh hơn nếu bạn gõ nhanh hơn, bạn có thể đọc nhanh hơn tất cả những thứ đó.
2024-08-28 11:36:34,699 - INFO - FormatFileSub: line=Hai trong số đó tôi nghĩ là quan trọng nhất và rõ ràng nhất là nó sẽ tăng năng suất ngay nếu bạn gõ nhanh hơn, bạn hoàn thành công việc nhanh hơn nếu bạn gõ nhanh hơn, bạn có thể đọc nhanh hơn tất cả những thứ đó.
2024-08-28 11:36:34,700 - INFO - FormatFileSub: line=00:00:26,880 --> 00:00:42,460
2024-08-28 11:36:34,700 - INFO - FormatFileSub: line=00:00:26,880 --> 00:00:42,460
2024-08-28 11:36:34,701 - INFO - FormatFileSub: line=Nhưng cá nhân tôi nghĩ. Điều quan trọng nhất đối với tôi. Học cách đánh máy đúng cách có quan trọng không vì nó giúp ích cho sức khỏe. Nếu bạn học cách đánh máy đúng cách, bạn sẽ giảm căng thẳng cho tay và giảm căng thẳng cho lưng.
2024-08-28 11:36:34,701 - INFO - FormatFileSub: line=Nhưng cá nhân tôi nghĩ. Điều quan trọng nhất đối với tôi. Học cách đánh máy đúng cách có quan trọng không vì nó giúp ích cho sức khỏe. Nếu bạn học cách đánh máy đúng cách, bạn sẽ giảm căng thẳng cho tay và giảm căng thẳng cho lưng.
2024-08-28 11:36:34,701 - INFO - FormatFileSub: line=00:00:42,540 --> 00:01:00,480
2024-08-28 11:36:34,702 - INFO - FormatFileSub: line=00:00:42,540 --> 00:01:00,480
2024-08-28 11:36:34,702 - INFO - FormatFileSub: line=Giảm căng thẳng cho cổ, tất cả những điều này đều rất quan trọng đối với tuổi thọ của bạn vì xét cho cùng, việc đánh máy là quan trọng, vâng, nhưng sức khỏe
2024-08-28 11:36:34,702 - INFO - FormatFileSub: line=Giảm căng thẳng cho cổ, tất cả những điều này đều rất quan trọng đối với tuổi thọ của bạn vì xét cho cùng, việc đánh máy là quan trọng, vâng, nhưng sức khỏe
2024-08-28 11:36:34,703 - INFO - FormatFileSub: line=quan trọng hơn, bạn sẽ không gõ phím mãi mãi nhưng bạn muốn tăng tuổi thọ của mình và chất lượng cuộc sống của bạn vì tại sao bạn lại không làm như vậy.
2024-08-28 11:36:34,703 - INFO - FormatFileSub: line=quan trọng hơn, bạn sẽ không gõ phím mãi mãi nhưng bạn muốn tăng tuổi thọ của mình và chất lượng cuộc sống của bạn vì tại sao bạn lại không làm như vậy.
2024-08-28 11:36:34,704 - INFO - TachFileSub: sub_file=C:/Users/vvn20206205/Downloads/video/TouchTyping/contents/thu/2Tay/FastTypingMasteryFromBeginnertoExpertin45Minutes_VVN\000000001\000000004_vn1.vvn.nghia
2024-08-28 11:36:34,705 - INFO - TachFileSub: new_file=C:/Users/vvn20206205/Downloads/video/TouchTyping/contents/thu/2Tay/FastTypingMasteryFromBeginnertoExpertin45Minutes_VVN\000000001\000000004_vn2.vvn.nghia
2024-08-28 11:36:34,712 - INFO - FormatFileSub: line=00:00:00,180 --> 00:00:39,910
2024-08-28 11:36:34,713 - INFO - FormatFileSub: line=00:00:00,180 --> 00:00:39,910
2024-08-28 11:36:34,713 - INFO - FormatFileSub: line=Vậy tôi là ai, tên tôi là Adam, như bạn rõ ràng đã biết từ phần giới thiệu nhưng tôi muốn cung cấp thêm một chút thông tin về lý do tại sao tôi nghĩ rằng tôi có thể dạy một khóa học đánh máy nên kể từ khi còn trẻ, tôi đã luôn là một người đánh máy tự học tất cả đều bắt đầu từ trò chơi điện tử nhưng hàng năm tôi đều học cách tự mình gõ tốt hơn và hiệu quả hơn và hiện tại tôi đang dao động ở tốc độ khoảng một trăm sáu mươi đến một trăm bảy mươi từ mỗi phút và mặc dù con số đó có vẻ như rất nhiều bởi vì tôi không thể không nhận ra các tuyến đường từ nơi tôi đến nếu bạn lần đầu tiên bắt đầu đánh máy, đừng nản lòng nếu bạn đang gõ 2340 từ mỗi phút bởi vì.
2024-08-28 11:36:34,714 - INFO - FormatFileSub: line=Vậy tôi là ai, tên tôi là Adam, như bạn rõ ràng đã biết từ phần giới thiệu nhưng tôi muốn cung cấp thêm một chút thông tin về lý do tại sao tôi nghĩ rằng tôi có thể dạy một khóa học đánh máy nên kể từ khi còn trẻ, tôi đã luôn là một người đánh máy tự học tất cả đều bắt đầu từ trò chơi điện tử nhưng hàng năm tôi đều học cách tự mình gõ tốt hơn và hiệu quả hơn và hiện tại tôi đang dao động ở tốc độ khoảng một trăm sáu mươi đến một trăm bảy mươi từ mỗi phút và mặc dù con số đó có vẻ như rất nhiều bởi vì tôi không thể không nhận ra các tuyến đường từ nơi tôi đến nếu bạn lần đầu tiên bắt đầu đánh máy, đừng nản lòng nếu bạn đang gõ 2340 từ mỗi phút bởi vì.
2024-08-28 11:36:34,714 - INFO - FormatFileSub: line=00:00:40,020 --> 00:00:56,770
2024-08-28 11:36:34,715 - INFO - FormatFileSub: line=00:00:40,020 --> 00:00:56,770
2024-08-28 11:36:34,715 - INFO - FormatFileSub: line=Tôi cũng vậy khi mới bắt đầu gõ phím. Tôi gõ với tốc độ 20 và 30 từ mỗi phút nhưng tôi có thể đảm bảo với bạn rằng luyện tập sẽ tạo nên sự hoàn hảo và cuối cùng bạn sẽ nhanh hơn hiện tại. Tôi đã luôn dạy rất nhiều người khác cách gõ đúng, bao gồm cả các giáo viên, học sinh.
2024-08-28 11:36:34,716 - INFO - FormatFileSub: line=Tôi cũng vậy khi mới bắt đầu gõ phím. Tôi gõ với tốc độ 20 và 30 từ mỗi phút nhưng tôi có thể đảm bảo với bạn rằng luyện tập sẽ tạo nên sự hoàn hảo và cuối cùng bạn sẽ nhanh hơn hiện tại. Tôi đã luôn dạy rất nhiều người khác cách gõ đúng, bao gồm cả các giáo viên, học sinh.
2024-08-28 11:36:34,716 - INFO - FormatFileSub: line=00:00:57,300 --> 00:01:12,160
2024-08-28 11:36:34,718 - INFO - FormatFileSub: line=00:00:57,300 --> 00:01:12,160
2024-08-28 11:36:34,718 - INFO - FormatFileSub: line=Đồng nghiệp, bạn bè, gia đình, v.v. Và tôi nghĩ rằng việc tham gia khóa học utomi này cho phép tôi
2024-08-28 11:36:34,718 - INFO - FormatFileSub: line=Đồng nghiệp, bạn bè, gia đình, v.v. Và tôi nghĩ rằng việc tham gia khóa học utomi này cho phép tôi
2024-08-28 11:36:34,718 - INFO - FormatFileSub: line=kết hợp tất cả những lời dạy của tôi, tất cả các phương pháp và bí mật của tôi vào một gói lớn.
2024-08-28 11:36:34,718 - INFO - FormatFileSub: line=kết hợp tất cả những lời dạy của tôi, tất cả các phương pháp và bí mật của tôi vào một gói lớn.
2024-08-28 11:36:34,719 - INFO - TachFileSub: sub_file=C:/Users/vvn20206205/Downloads/video/TouchTyping/contents/thu/2Tay/FastTypingMasteryFromBeginnertoExpertin45Minutes_VVN\000000002\000000005_vn1.vvn.nghia
2024-08-28 11:36:34,719 - INFO - TachFileSub: new_file=C:/Users/vvn20206205/Downloads/video/TouchTyping/contents/thu/2Tay/FastTypingMasteryFromBeginnertoExpertin45Minutes_VVN\000000002\000000005_vn2.vvn.nghia
2024-08-28 11:36:34,727 - INFO - FormatFileSub: line=00:00:00,210 --> 00:00:24,880
2024-08-28 11:36:34,727 - INFO - FormatFileSub: line=00:00:00,210 --> 00:00:24,880
2024-08-28 11:36:34,727 - INFO - FormatFileSub: line=Bắt đầu với điều quan trọng nhất là công thái học là điều số một bạn cần khi gõ phím vì nó. Đảm bảo rằng bạn có tuổi thọ cao khi gõ phím và đảm bảo cổ tay và bàn tay của bạn không bị rối và công thái học đầu tiên để thành công là ngồi và đó là vì ngồi cho phép bạn đặt mình vào vị trí thành công khi ngồi đúng cách .
2024-08-28 11:36:34,728 - INFO - FormatFileSub: line=Bắt đầu với điều quan trọng nhất là công thái học là điều số một bạn cần khi gõ phím vì nó. Đảm bảo rằng bạn có tuổi thọ cao khi gõ phím và đảm bảo cổ tay và bàn tay của bạn không bị rối và công thái học đầu tiên để thành công là ngồi và đó là vì ngồi cho phép bạn đặt mình vào vị trí thành công khi ngồi đúng cách .
2024-08-28 11:36:34,729 - INFO - FormatFileSub: line=00:00:24,930 --> 00:01:17,670
2024-08-28 11:36:34,729 - INFO - FormatFileSub: line=00:00:24,930 --> 00:01:17,670
2024-08-28 11:36:34,729 - INFO - FormatFileSub: line=Nó không chỉ giúp bạn có tư thế tốt hơn. Và để có sức khỏe tốt hơn nhưng nó cũng cho phép bạn đảm bảo bàn tay của mình, các ngón tay và cánh tay của bạn ở vị trí thích hợp để chúng hoạt động thuận tiện bất cứ khi nào tôi giảng dạy, tôi luôn muốn nhấn mạnh vào quan điểm rằng đánh máy không phải là một chạy đua chắc chắn bạn có thể gõ phím nhanh nhưng khi bạn luyện tập thì đó là một cuộc chạy marathon, đó là một cuộc chạy marathon để đảm bảo rằng bạn không phải chịu bất kỳ ảnh hưởng xấu nào đến sức khỏe một cách không cần thiết do bạn không ngồi đúng chỗ hoặc bạn không gõ phím đúng chỗ Điều quan trọng hơn là sức khỏe của bạn phải được ưu tiên ngoài tốc độ. Có ba điểm chính khi nói đến công thái học khi ngồi và điểm cuối cùng không cần thiết nhưng hai điểm đầu tiên chắc chắn là hai điểm đầu tiên là quan trọng nhất khi nói đến khi ngồi, vì vậy điểm đầu tiên khi nói đến công thái học khi ngồi là không được cúi người xuống và có tư thế cơ thể thích hợp.
2024-08-28 11:36:34,730 - INFO - FormatFileSub: line=Nó không chỉ giúp bạn có tư thế tốt hơn. Và để có sức khỏe tốt hơn nhưng nó cũng cho phép bạn đảm bảo bàn tay của mình, các ngón tay và cánh tay của bạn ở vị trí thích hợp để chúng hoạt động thuận tiện bất cứ khi nào tôi giảng dạy, tôi luôn muốn nhấn mạnh vào quan điểm rằng đánh máy không phải là một chạy đua chắc chắn bạn có thể gõ phím nhanh nhưng khi bạn luyện tập thì đó là một cuộc chạy marathon, đó là một cuộc chạy marathon để đảm bảo rằng bạn không phải chịu bất kỳ ảnh hưởng xấu nào đến sức khỏe một cách không cần thiết do bạn không ngồi đúng chỗ hoặc bạn không gõ phím đúng chỗ Điều quan trọng hơn là sức khỏe của bạn phải được ưu tiên ngoài tốc độ. Có ba điểm chính khi nói đến công thái học khi ngồi và điểm cuối cùng không cần thiết nhưng hai điểm đầu tiên chắc chắn là hai điểm đầu tiên là quan trọng nhất khi nói đến khi ngồi, vì vậy điểm đầu tiên khi nói đến công thái học khi ngồi là không được cúi người xuống và có tư thế cơ thể thích hợp.
2024-08-28 11:36:34,731 - INFO - FormatFileSub: line=00:01:18,000 --> 00:01:30,040
2024-08-28 11:36:34,731 - INFO - FormatFileSub: line=00:01:18,000 --> 00:01:30,040
2024-08-28 11:36:34,732 - INFO - FormatFileSub: line=Ví dụ: bạn không muốn cúi người như thế này và muốn gõ bàn phím trong một thời gian dài vì bạn có thể thấy điều này trông không tốt cho sức khỏe, điều đó không đúng.
2024-08-28 11:36:34,732 - INFO - FormatFileSub: line=Ví dụ: bạn không muốn cúi người như thế này và muốn gõ bàn phím trong một thời gian dài vì bạn có thể thấy điều này trông không tốt cho sức khỏe, điều đó không đúng.
2024-08-28 11:36:34,733 - INFO - FormatFileSub: line=00:01:30,120 --> 00:01:38,520
2024-08-28 11:36:34,733 - INFO - FormatFileSub: line=00:01:30,120 --> 00:01:38,520
2024-08-28 11:36:34,734 - INFO - FormatFileSub: line=Nó sẽ làm rối loạn phần lưng trên tiếp theo của bạn và bạn sẽ gặp một loạt vấn đề. Khi nói đến sự căng cứng của các cơ trong tương lai.
2024-08-28 11:36:34,734 - INFO - FormatFileSub: line=Nó sẽ làm rối loạn phần lưng trên tiếp theo của bạn và bạn sẽ gặp một loạt vấn đề. Khi nói đến sự căng cứng của các cơ trong tương lai.
2024-08-28 11:36:34,734 - INFO - FormatFileSub: line=00:01:39,090 --> 00:01:53,970
2024-08-28 11:36:34,735 - INFO - FormatFileSub: line=00:01:39,090 --> 00:01:53,970
2024-08-28 11:36:34,735 - INFO - FormatFileSub: line=Vì vậy, thay vào đó, bạn muốn có một tư thế thẳng đẹp với chiếc cổ thẳng đẹp như bạn thấy nó gần như thẳng hàng với phần ngực trên của tôi, bạn không muốn cổ mình nhô ra như thế này, bạn muốn có một cái cổ đẹp.
2024-08-28 11:36:34,735 - INFO - FormatFileSub: line=Vì vậy, thay vào đó, bạn muốn có một tư thế thẳng đẹp với chiếc cổ thẳng đẹp như bạn thấy nó gần như thẳng hàng với phần ngực trên của tôi, bạn không muốn cổ mình nhô ra như thế này, bạn muốn có một cái cổ đẹp.
2024-08-28 11:36:34,736 - INFO - FormatFileSub: line=00:01:54,480 --> 00:02:31,980
2024-08-28 11:36:34,736 - INFO - FormatFileSub: line=00:01:54,480 --> 00:02:31,980
2024-08-28 11:36:34,736 - INFO - FormatFileSub: line=Tư thế dựa vào lưng ghế và tư thế ngồi tiện dụng thứ hai thực sự phụ thuộc vào tư thế đầu tiên là có tư thế cơ thể phù hợp. Điểm thứ hai là đảm bảo rằng mắt bạn nhìn thẳng khi nhìn vào những gì bạn đang xem và lý do chúng có mối tương quan chặt chẽ với nhau là vì nếu bạn cúi người như thế này thì bạn sẽ không có thị lực mắt thích hợp như mong đợi. để có công thái học nào, anh ấy sẽ giúp bạn thành công để bây giờ bạn thấy rằng bạn có tư thế cơ thể phù hợp, đây là lúc vị trí đầu của bạn phát huy tác dụng và đây cũng là lúc tầm nhìn của mắt bạn phát huy tác dụng.
2024-08-28 11:36:34,737 - INFO - FormatFileSub: line=Tư thế dựa vào lưng ghế và tư thế ngồi tiện dụng thứ hai thực sự phụ thuộc vào tư thế đầu tiên là có tư thế cơ thể phù hợp. Điểm thứ hai là đảm bảo rằng mắt bạn nhìn thẳng khi nhìn vào những gì bạn đang xem và lý do chúng có mối tương quan chặt chẽ với nhau là vì nếu bạn cúi người như thế này thì bạn sẽ không có thị lực mắt thích hợp như mong đợi. để có công thái học nào, anh ấy sẽ giúp bạn thành công để bây giờ bạn thấy rằng bạn có tư thế cơ thể phù hợp, đây là lúc vị trí đầu của bạn phát huy tác dụng và đây cũng là lúc tầm nhìn của mắt bạn phát huy tác dụng.
2024-08-28 11:36:34,737 - INFO - FormatFileSub: line=00:02:32,460 --> 00:02:57,300
2024-08-28 11:36:34,738 - INFO - FormatFileSub: line=00:02:32,460 --> 00:02:57,300
2024-08-28 11:36:34,738 - INFO - FormatFileSub: line=Bạn không muốn bạn. Bạn muốn đôi mắt của bạn nhìn thẳng vào. Máy tính để bàn bạn muốn nó ở mức độ. Tôi cũng hiểu rằng đôi khi bạn sẽ không thể làm như vậy, chẳng hạn như nếu bạn có máy tính xách tay và bạn phải nhìn xuống trong một số trường hợp nhất định nhưng trong phần lớn thời gian bạn gõ, bạn muốn đảm bảo rằng bạn đã cân bằng chúng và lý do là vì điều này.
2024-08-28 11:36:34,739 - INFO - FormatFileSub: line=Bạn không muốn bạn. Bạn muốn đôi mắt của bạn nhìn thẳng vào. Máy tính để bàn bạn muốn nó ở mức độ. Tôi cũng hiểu rằng đôi khi bạn sẽ không thể làm như vậy, chẳng hạn như nếu bạn có máy tính xách tay và bạn phải nhìn xuống trong một số trường hợp nhất định nhưng trong phần lớn thời gian bạn gõ, bạn muốn đảm bảo rằng bạn đã cân bằng chúng và lý do là vì điều này.
2024-08-28 11:36:34,739 - INFO - FormatFileSub: line=00:02:57,690 --> 00:03:05,460
2024-08-28 11:36:34,739 - INFO - FormatFileSub: line=00:02:57,690 --> 00:03:05,460
2024-08-28 11:36:34,740 - INFO - FormatFileSub: line=Hãy hình dung điều này nếu bạn liên tục nhìn xuống và rất có thể bạn có thể nhìn thấy nó từ những gì bạn đang xem. Nếu bạn liên tục nhìn xuống máy tính.
2024-08-28 11:36:34,740 - INFO - FormatFileSub: line=Hãy hình dung điều này nếu bạn liên tục nhìn xuống và rất có thể bạn có thể nhìn thấy nó từ những gì bạn đang xem. Nếu bạn liên tục nhìn xuống máy tính.
2024-08-28 11:36:34,740 - INFO - FormatFileSub: line=00:03:05,850 --> 00:03:21,960
2024-08-28 11:36:34,741 - INFO - FormatFileSub: line=00:03:05,850 --> 00:03:21,960
2024-08-28 11:36:34,741 - INFO - FormatFileSub: line=Hoặc nếu bạn liên tục nhìn lên máy tính. Bạn có thể thấy nó có thể ảnh hưởng đến cổ của bạn như thế nào. Thực sự làm căng nó và nó chắc chắn có thể gây ra nhiều thiệt hại trong tương lai, vì vậy tốt nhất bạn nên có một tư thế thẳng đẹp và giữ thẳng lưng.
2024-08-28 11:36:34,743 - INFO - FormatFileSub: line=Hoặc nếu bạn liên tục nhìn lên máy tính. Bạn có thể thấy nó có thể ảnh hưởng đến cổ của bạn như thế nào. Thực sự làm căng nó và nó chắc chắn có thể gây ra nhiều thiệt hại trong tương lai, vì vậy tốt nhất bạn nên có một tư thế thẳng đẹp và giữ thẳng lưng.
2024-08-28 11:36:34,743 - INFO - FormatFileSub: line=00:03:22,320 --> 00:03:39,220
2024-08-28 11:36:34,743 - INFO - FormatFileSub: line=00:03:22,320 --> 00:03:39,220
2024-08-28 11:36:34,743 - INFO - FormatFileSub: line=Tầm nhìn được cân bằng với những gì bạn đang xem và điểm công thái học cuối cùng của người ngồi phụ thuộc vào ghế và đó chính xác là lý do tại sao điều đó không cần thiết. Tôi hiểu rằng nhiều người không có xu hướng sử dụng ghế tiện dụng nhưng nếu bạn làm điều đó thì đó là một phần thưởng .
2024-08-28 11:36:34,743 - INFO - FormatFileSub: line=Tầm nhìn được cân bằng với những gì bạn đang xem và điểm công thái học cuối cùng của người ngồi phụ thuộc vào ghế và đó chính xác là lý do tại sao điều đó không cần thiết. Tôi hiểu rằng nhiều người không có xu hướng sử dụng ghế tiện dụng nhưng nếu bạn làm điều đó thì đó là một phần thưởng .
2024-08-28 11:36:34,744 - INFO - FormatFileSub: line=00:03:39,510 --> 00:04:24,670
2024-08-28 11:36:34,744 - INFO - FormatFileSub: line=00:03:39,510 --> 00:04:24,670
2024-08-28 11:36:34,745 - INFO - FormatFileSub: line=Hãy chắc chắn rằng khi bạn đang ngồi. Thay vào đó, bạn không có góc 90 độ mà lưng bạn đang ngồi. Bạn có khoảng một trăm đến một trăm mười độ, điều này là do khi ở mức một trăm hoặc một trăm mười độ, các đĩa đệm không được tạo áp lực hoàn toàn ở lưng dưới của bạn, điều này làm giảm bớt chúng một chút nhưng một lần nữa, điều đó không cần thiết. như người ta có thể nghĩ nếu nhà thờ của bạn cho phép bạn lùi lại một trăm hoặc một trăm mười độ thì đừng lo lắng, việc ngồi chín mươi độ rõ ràng là tốt hơn nếu bạn ngồi một trăm mười độ nhưng về lâu dài thì không. Nó không thực sự tạo ra sự khác biệt lớn, nó chỉ thoải mái hơn một chút, điều quan trọng hơn là bạn phải chắc chắn rằng mình đang khom lưng.
2024-08-28 11:36:34,745 - INFO - FormatFileSub: line=Hãy chắc chắn rằng khi bạn đang ngồi. Thay vào đó, bạn không có góc 90 độ mà lưng bạn đang ngồi. Bạn có khoảng một trăm đến một trăm mười độ, điều này là do khi ở mức một trăm hoặc một trăm mười độ, các đĩa đệm không được tạo áp lực hoàn toàn ở lưng dưới của bạn, điều này làm giảm bớt chúng một chút nhưng một lần nữa, điều đó không cần thiết. như người ta có thể nghĩ nếu nhà thờ của bạn cho phép bạn lùi lại một trăm hoặc một trăm mười độ thì đừng lo lắng, việc ngồi chín mươi độ rõ ràng là tốt hơn nếu bạn ngồi một trăm mười độ nhưng về lâu dài thì không. Nó không thực sự tạo ra sự khác biệt lớn, nó chỉ thoải mái hơn một chút, điều quan trọng hơn là bạn phải chắc chắn rằng mình đang khom lưng.
2024-08-28 11:36:34,746 - INFO - FormatFileSub: line=00:04:25,320 --> 00:04:46,680
2024-08-28 11:36:34,746 - INFO - FormatFileSub: line=00:04:25,320 --> 00:04:46,680
2024-08-28 11:36:34,747 - INFO - FormatFileSub: line=Và không nhìn thẳng vào mắt bạn. Là thứ ưu tiên bạn không muốn có chẳng hạn khi gõ bạn không muốn có của mình. Cổ nhìn lên, bạn không muốn cổ mình nhìn xuống vì điều đó sẽ tạo ra những vấn đề lâu dài và cuối cùng là mẹo quan trọng nhất mà tôi luôn tìm thấy khi ngồi.
2024-08-28 11:36:34,747 - INFO - FormatFileSub: line=Và không nhìn thẳng vào mắt bạn. Là thứ ưu tiên bạn không muốn có chẳng hạn khi gõ bạn không muốn có của mình. Cổ nhìn lên, bạn không muốn cổ mình nhìn xuống vì điều đó sẽ tạo ra những vấn đề lâu dài và cuối cùng là mẹo quan trọng nhất mà tôi luôn tìm thấy khi ngồi.
2024-08-28 11:36:34,747 - INFO - FormatFileSub: line=00:04:47,040 --> 00:05:14,700
2024-08-28 11:36:34,748 - INFO - FormatFileSub: line=00:04:47,040 --> 00:05:14,700
2024-08-28 11:36:34,748 - INFO - FormatFileSub: line=Di chuyển hay đi vòng quanh con người không phải để ngồi và chúng ta được sinh ra để di chuyển, chúng ta là những sinh vật có thân hình như vậy và vì thế cứ mỗi giờ hoặc lâu hơn tôi muốn đứng dậy di chuyển xung quanh đi bộ xung quanh
2024-08-28 11:36:34,748 - INFO - FormatFileSub: line=Di chuyển hay đi vòng quanh con người không phải để ngồi và chúng ta được sinh ra để di chuyển, chúng ta là những sinh vật có thân hình như vậy và vì thế cứ mỗi giờ hoặc lâu hơn tôi muốn đứng dậy di chuyển xung quanh đi bộ xung quanh
2024-08-28 11:36:34,749 - INFO - FormatFileSub: line=trong vài phút rồi quay lại nơi làm việc của tôi bởi vì đó là cách chúng ta được tạo ra không phải để ngồi mà được tạo ra để đi bộ và nếu bạn để máu lưu thông một chút trong thời gian dài, điều đó sẽ giúp bạn đặt mình vào một vị trí.
2024-08-28 11:36:34,749 - INFO - FormatFileSub: line=trong vài phút rồi quay lại nơi làm việc của tôi bởi vì đó là cách chúng ta được tạo ra không phải để ngồi mà được tạo ra để đi bộ và nếu bạn để máu lưu thông một chút trong thời gian dài, điều đó sẽ giúp bạn đặt mình vào một vị trí.
2024-08-28 11:36:34,751 - INFO - TachFileSub: sub_file=C:/Users/vvn20206205/Downloads/video/TouchTyping/contents/thu/2Tay/FastTypingMasteryFromBeginnertoExpertin45Minutes_VVN\000000002\000000006_vn1.vvn.nghia
2024-08-28 11:36:34,752 - INFO - TachFileSub: new_file=C:/Users/vvn20206205/Downloads/video/TouchTyping/contents/thu/2Tay/FastTypingMasteryFromBeginnertoExpertin45Minutes_VVN\000000002\000000006_vn2.vvn.nghia
2024-08-28 11:36:34,773 - INFO - FormatFileSub: line=00:00:00,270 --> 00:00:30,880
2024-08-28 11:36:34,773 - INFO - FormatFileSub: line=00:00:00,270 --> 00:00:30,880
2024-08-28 11:36:34,774 - INFO - FormatFileSub: line=Như bạn thấy ở đây, hãy đặt bàn phím ở phía trước ghế của bạn, ngay phía trước ghế của bạn, điều này cho phép bạn đặt cánh tay và bàn tay của mình ở vị trí thích hợp ở vị trí công thái học thích hợp để đảm bảo rằng một lần nữa bạn không phải chịu đựng bất kỳ điều gì không cần thiết.
2024-08-28 11:36:34,774 - INFO - FormatFileSub: line=Như bạn thấy ở đây, hãy đặt bàn phím ở phía trước ghế của bạn, ngay phía trước ghế của bạn, điều này cho phép bạn đặt cánh tay và bàn tay của mình ở vị trí thích hợp ở vị trí công thái học thích hợp để đảm bảo rằng một lần nữa bạn không phải chịu đựng bất kỳ điều gì không cần thiết.
2024-08-28 11:36:34,774 - INFO - FormatFileSub: line=ảnh hưởng đến sức khỏe một mẹo bổ sung nếu bạn có thể nâng bàn phím lên một chút, một số bàn phím có bàn phím tự động ở mặt sau, một số người sử dụng sách thì điều đó cũng tốt hơn cho cổ tay của bạn nhưng đó không phải là vấn đề lớn nếu bạn có thể Đó chỉ là một chút mẹo nhỏ thôi.
2024-08-28 11:36:34,775 - INFO - FormatFileSub: line=ảnh hưởng đến sức khỏe một mẹo bổ sung nếu bạn có thể nâng bàn phím lên một chút, một số bàn phím có bàn phím tự động ở mặt sau, một số người sử dụng sách thì điều đó cũng tốt hơn cho cổ tay của bạn nhưng đó không phải là vấn đề lớn nếu bạn có thể Đó chỉ là một chút mẹo nhỏ thôi.
2024-08-28 11:36:34,777 - INFO - TachFileSub: sub_file=C:/Users/vvn20206205/Downloads/video/TouchTyping/contents/thu/2Tay/FastTypingMasteryFromBeginnertoExpertin45Minutes_VVN\000000002\000000007_vn1.vvn.nghia
2024-08-28 11:36:34,777 - INFO - TachFileSub: new_file=C:/Users/vvn20206205/Downloads/video/TouchTyping/contents/thu/2Tay/FastTypingMasteryFromBeginnertoExpertin45Minutes_VVN\000000002\000000007_vn2.vvn.nghia
2024-08-28 11:36:34,786 - INFO - FormatFileSub: line=00:00:00,270 --> 00:00:16,770
2024-08-28 11:36:34,786 - INFO - FormatFileSub: line=00:00:00,270 --> 00:00:16,770
2024-08-28 11:36:34,786 - INFO - FormatFileSub: line=Vì vậy, quy tắc đầu tiên để có công thái học cánh tay phù hợp là dựa trên vị trí của khuỷu tay, hãy đảm bảo rằng khuỷu tay đó nằm đúng vị trí. Căn chỉnh thẳng hàng và cân bằng với bàn phím trong khi bạn gõ và đảm bảo rằng bạn không duỗi khuỷu tay quá mức.
2024-08-28 11:36:34,787 - INFO - FormatFileSub: line=Vì vậy, quy tắc đầu tiên để có công thái học cánh tay phù hợp là dựa trên vị trí của khuỷu tay, hãy đảm bảo rằng khuỷu tay đó nằm đúng vị trí. Căn chỉnh thẳng hàng và cân bằng với bàn phím trong khi bạn gõ và đảm bảo rằng bạn không duỗi khuỷu tay quá mức.
2024-08-28 11:36:34,787 - INFO - FormatFileSub: line=00:00:17,190 --> 00:00:43,510
2024-08-28 11:36:34,787 - INFO - FormatFileSub: line=00:00:17,190 --> 00:00:43,510
2024-08-28 11:36:34,788 - INFO - FormatFileSub: line=Bạn muốn nó có độ nghiêng thoải mái khoảng 45 độ. Khi gõ để tối đa hóa. Về mặt công thái học, bạn không muốn nó được sao lưu hoàn toàn như thế này và bạn không muốn nó hoàn toàn vươn xa như thế này, một phần giữa đẹp là điều bạn nên hướng tới và quy tắc thứ hai cho đàn organ phù hợp tiếp theo dựa trên việc đảm bảo rằng .
2024-08-28 11:36:34,788 - INFO - FormatFileSub: line=Bạn muốn nó có độ nghiêng thoải mái khoảng 45 độ. Khi gõ để tối đa hóa. Về mặt công thái học, bạn không muốn nó được sao lưu hoàn toàn như thế này và bạn không muốn nó hoàn toàn vươn xa như thế này, một phần giữa đẹp là điều bạn nên hướng tới và quy tắc thứ hai cho đàn organ phù hợp tiếp theo dựa trên việc đảm bảo rằng .
2024-08-28 11:36:34,789 - INFO - FormatFileSub: line=00:00:43,650 --> 00:01:11,850
2024-08-28 11:36:34,789 - INFO - FormatFileSub: line=00:00:43,650 --> 00:01:11,850
2024-08-28 11:36:34,789 - INFO - FormatFileSub: line=Cánh tay. Càng thẳng càng tốt, đảm bảo khuỷu tay của bạn có thể được cân bằng với bàn phím nhưng bạn cũng muốn toàn bộ cánh tay của mình được cân bằng với bàn phím để đảm bảo rằng không có gì bị căng quá mức và cánh tay của bạn đang được thư giãn và vị trí đặt tay sẽ đúng việc sử dụng thực sự phụ thuộc vào phương pháp gõ mà bạn sắp sử dụng nhưng có một nguyên tắc chung tốt mà bạn nên đảm bảo là mình luôn thực hiện.
2024-08-28 11:36:34,790 - INFO - FormatFileSub: line=Cánh tay. Càng thẳng càng tốt, đảm bảo khuỷu tay của bạn có thể được cân bằng với bàn phím nhưng bạn cũng muốn toàn bộ cánh tay của mình được cân bằng với bàn phím để đảm bảo rằng không có gì bị căng quá mức và cánh tay của bạn đang được thư giãn và vị trí đặt tay sẽ đúng việc sử dụng thực sự phụ thuộc vào phương pháp gõ mà bạn sắp sử dụng nhưng có một nguyên tắc chung tốt mà bạn nên đảm bảo là mình luôn thực hiện.
2024-08-28 11:36:34,790 - INFO - FormatFileSub: line=00:01:12,210 --> 00:01:25,680
2024-08-28 11:36:34,791 - INFO - FormatFileSub: line=00:01:12,210 --> 00:01:25,680
2024-08-28 11:36:34,791 - INFO - FormatFileSub: line=Chẳng hạn như giữ thẳng cổ tay của bạn nếu bạn thử điều này ngay bây giờ nếu bạn thực hiện các cú bắt giữ của mình như thế này, bạn sẽ cảm thấy lực ép lên cổ tay của mình ở đó, nó khá tệ và bạn có thể tưởng tượng điều đó.
2024-08-28 11:36:34,791 - INFO - FormatFileSub: line=Chẳng hạn như giữ thẳng cổ tay của bạn nếu bạn thử điều này ngay bây giờ nếu bạn thực hiện các cú bắt giữ của mình như thế này, bạn sẽ cảm thấy lực ép lên cổ tay của mình ở đó, nó khá tệ và bạn có thể tưởng tượng điều đó.
2024-08-28 11:36:34,792 - INFO - FormatFileSub: line=00:01:26,370 --> 00:01:39,490
2024-08-28 11:36:34,792 - INFO - FormatFileSub: line=00:01:26,370 --> 00:01:39,490
2024-08-28 11:36:34,792 - INFO - FormatFileSub: line=Nếu bạn gõ phím trong thời gian dài, hãy giữ cổ tay ở vị trí này trong thời gian dài. Bạn có thể tưởng tượng được thiệt hại nó sẽ gây ra và. Một khi bạn ngay lập tức quay lại trạng thái nghỉ ngơi thẳng, bạn sẽ cảm thấy như thế nào.
2024-08-28 11:36:34,792 - INFO - FormatFileSub: line=Nếu bạn gõ phím trong thời gian dài, hãy giữ cổ tay ở vị trí này trong thời gian dài. Bạn có thể tưởng tượng được thiệt hại nó sẽ gây ra và. Một khi bạn ngay lập tức quay lại trạng thái nghỉ ngơi thẳng, bạn sẽ cảm thấy như thế nào.
2024-08-28 11:36:34,793 - INFO - FormatFileSub: line=00:01:39,690 --> 00:01:53,980
2024-08-28 11:36:34,793 - INFO - FormatFileSub: line=00:01:39,690 --> 00:01:53,980
2024-08-28 11:36:34,793 - INFO - FormatFileSub: line=Giảm cảm giác cổ tay của bạn. Vì vậy tốt nhất bạn nên có cổ tay thẳng. Đã
2024-08-28 11:36:34,795 - INFO - FormatFileSub: line=Giảm cảm giác cổ tay của bạn. Vì vậy tốt nhất bạn nên có cổ tay thẳng. Đã
2024-08-28 11:36:34,795 - INFO - FormatFileSub: line=ghép nối. Với khuỷu tay thẳng hoặc khuỷu tay thẳng và thẳng. Cánh tay.
2024-08-28 11:36:34,795 - INFO - FormatFileSub: line=ghép nối. Với khuỷu tay thẳng hoặc khuỷu tay thẳng và thẳng. Cánh tay.
2024-08-28 11:36:34,795 - INFO - TachFileSub: sub_file=C:/Users/vvn20206205/Downloads/video/TouchTyping/contents/thu/2Tay/FastTypingMasteryFromBeginnertoExpertin45Minutes_VVN\000000002\000000008_vn1.vvn.nghia
2024-08-28 11:36:34,796 - INFO - TachFileSub: new_file=C:/Users/vvn20206205/Downloads/video/TouchTyping/contents/thu/2Tay/FastTypingMasteryFromBeginnertoExpertin45Minutes_VVN\000000002\000000008_vn2.vvn.nghia
2024-08-28 11:36:34,802 - INFO - FormatFileSub: line=00:00:00,150 --> 00:00:28,780
2024-08-28 11:36:34,803 - INFO - FormatFileSub: line=00:00:00,150 --> 00:00:28,780
2024-08-28 11:36:34,803 - INFO - FormatFileSub: line=Công thái học thích hợp của ngón tay đều phụ thuộc vào phương pháp gõ mà bạn đang sử dụng nhưng một nguyên tắc nhỏ là đảm bảo rằng các thao tác gõ phím bạn đang thực hiện nhẹ nhàng và bạn không bị kẹt ngón
2024-08-28 11:36:34,804 - INFO - FormatFileSub: line=Công thái học thích hợp của ngón tay đều phụ thuộc vào phương pháp gõ mà bạn đang sử dụng nhưng một nguyên tắc nhỏ là đảm bảo rằng các thao tác gõ phím bạn đang thực hiện nhẹ nhàng và bạn không bị kẹt ngón
2024-08-28 11:36:34,804 - INFO - FormatFileSub: line=tay cũng như bạn đang nghỉ giải lao thường xuyên. được thiết kế để gõ, vì vậy đừng quá vội vàng và nhấn ngón tay vào bàn phím mà hãy nhẹ nhàng thực hiện dần dần để ngón tay của bạn quen với việc gõ.
2024-08-28 11:36:34,805 - INFO - FormatFileSub: line=tay cũng như bạn đang nghỉ giải lao thường xuyên. được thiết kế để gõ, vì vậy đừng quá vội vàng và nhấn ngón tay vào bàn phím mà hãy nhẹ nhàng thực hiện dần dần để ngón tay của bạn quen với việc gõ.
2024-08-28 11:36:34,806 - INFO - TachFileSub: sub_file=C:/Users/vvn20206205/Downloads/video/TouchTyping/contents/thu/2Tay/FastTypingMasteryFromBeginnertoExpertin45Minutes_VVN\000000003\000000010_vn1.vvn.nghia
2024-08-28 11:36:34,806 - INFO - TachFileSub: new_file=C:/Users/vvn20206205/Downloads/video/TouchTyping/contents/thu/2Tay/FastTypingMasteryFromBeginnertoExpertin45Minutes_VVN\000000003\000000010_vn2.vvn.nghia
2024-08-28 11:36:34,814 - INFO - FormatFileSub: line=00:00:00,150 --> 00:00:10,950
2024-08-28 11:36:34,814 - INFO - FormatFileSub: line=00:00:00,150 --> 00:00:10,950
2024-08-28 11:36:34,815 - INFO - FormatFileSub: line=Vì vậy, để cung cấp một cái nhìn tổng quan nhanh chóng và ngắn gọn về gõ phím cảm ứng, tôi không muốn đi sâu vì tôi sẽ nói nhiều về nó trong phần gõ phím cảm ứng nhưng bạn sẽ thấy ở phần cơ bản và bố cục.
2024-08-28 11:36:34,815 - INFO - FormatFileSub: line=Vì vậy, để cung cấp một cái nhìn tổng quan nhanh chóng và ngắn gọn về gõ phím cảm ứng, tôi không muốn đi sâu vì tôi sẽ nói nhiều về nó trong phần gõ phím cảm ứng nhưng bạn sẽ thấy ở phần cơ bản và bố cục.
2024-08-28 11:36:34,815 - INFO - FormatFileSub: line=00:00:11,310 --> 00:00:46,660
2024-08-28 11:36:34,816 - INFO - FormatFileSub: line=00:00:11,310 --> 00:00:46,660
2024-08-28 11:36:34,816 - INFO - FormatFileSub: line=Mỗi ngón tay và thao tác gõ chạm đều có một chức năng riêng khi gõ một từ chẳng hạn. Ngón trỏ trên bàn tay trái của bạn chịu trách nhiệm cho bốn năm rt fg và f b vì vậy khi bạn bắt đầu và bạn muốn viết một từ bắt đầu bằng chữ t thì ngón trỏ của bạn sẽ viết bằng
2024-08-28 11:36:34,817 - INFO - FormatFileSub: line=Mỗi ngón tay và thao tác gõ chạm đều có một chức năng riêng khi gõ một từ chẳng hạn. Ngón trỏ trên bàn tay trái của bạn chịu trách nhiệm cho bốn năm rt fg và f b vì vậy khi bạn bắt đầu và bạn muốn viết một từ bắt đầu bằng chữ t thì ngón trỏ của bạn sẽ viết bằng
2024-08-28 11:36:34,817 - INFO - FormatFileSub: line=t nên điều đó khá giống tổng quan ngắn gọn để chỉ cần biết rằng khi gõ bằng cảm ứng, mỗi ngón tay có chức năng được thiết lập riêng trên bàn phím Ford có vị trí được thiết lập riêng và một số ngón tay nhất định được sử dụng để gõ một số phím nhất định.
2024-08-28 11:36:34,817 - INFO - FormatFileSub: line=t nên điều đó khá giống tổng quan ngắn gọn để chỉ cần biết rằng khi gõ bằng cảm ứng, mỗi ngón tay có chức năng được thiết lập riêng trên bàn phím Ford có vị trí được thiết lập riêng và một số ngón tay nhất định được sử dụng để gõ một số phím nhất định.
2024-08-28 11:36:34,819 - INFO - TachFileSub: sub_file=C:/Users/vvn20206205/Downloads/video/TouchTyping/contents/thu/2Tay/FastTypingMasteryFromBeginnertoExpertin45Minutes_VVN\000000003\000000011_vn1.vvn.nghia
2024-08-28 11:36:34,819 - INFO - TachFileSub: new_file=C:/Users/vvn20206205/Downloads/video/TouchTyping/contents/thu/2Tay/FastTypingMasteryFromBeginnertoExpertin45Minutes_VVN\000000003\000000011_vn2.vvn.nghia
2024-08-28 11:36:34,829 - INFO - FormatFileSub: line=00:00:00,240 --> 00:00:10,120
2024-08-28 11:36:34,831 - INFO - FormatFileSub: line=00:00:00,240 --> 00:00:10,120
2024-08-28 11:36:34,831 - INFO - FormatFileSub: line=Vì vậy, kiểu gõ độc đáo thực sự chỉ là sự kết hợp giữa kiểu gõ cảm ứng và kiểu gõ. Việc gõ ký ức cơ ngẫu nhiên mà bạn đã quen khi đang cố gắng học cách gõ.
2024-08-28 11:36:34,831 - INFO - FormatFileSub: line=Vì vậy, kiểu gõ độc đáo thực sự chỉ là sự kết hợp giữa kiểu gõ cảm ứng và kiểu gõ. Việc gõ ký ức cơ ngẫu nhiên mà bạn đã quen khi đang cố gắng học cách gõ.
2024-08-28 11:36:34,831 - INFO - FormatFileSub: line=00:00:10,620 --> 00:00:26,800
2024-08-28 11:36:34,831 - INFO - FormatFileSub: line=00:00:10,620 --> 00:00:26,800
2024-08-28 11:36:34,833 - INFO - FormatFileSub: line=Và họ rất giống rất nhiều người khi tôi dạy họ. Bất cứ khi nào họ gõ một cách độc đáo. Họ luôn gõ giống nhau giữa những người khác cũng muốn gõ thông thường, họ thường sử dụng các phím tắt giống hệt nhau mà mọi người sử dụng.
2024-08-28 11:36:34,833 - INFO - FormatFileSub: line=Và họ rất giống rất nhiều người khi tôi dạy họ. Bất cứ khi nào họ gõ một cách độc đáo. Họ luôn gõ giống nhau giữa những người khác cũng muốn gõ thông thường, họ thường sử dụng các phím tắt giống hệt nhau mà mọi người sử dụng.
2024-08-28 11:36:34,833 - INFO - FormatFileSub: line=00:00:26,970 --> 00:00:37,110
2024-08-28 11:36:34,833 - INFO - FormatFileSub: line=00:00:26,970 --> 00:00:37,110
2024-08-28 11:36:34,833 - INFO - FormatFileSub: line=Và một lần nữa nó chỉ là sự kết hợp của. Chạm vào gõ và bất cứ khi nào họ đã quen với việc đó. Bất kể bạn làm gì nếu tay phải chiếm ưu thế, tay trái chiếm ưu thế, đó là điều chúng ta sẽ nói đến.
2024-08-28 11:36:34,834 - INFO - FormatFileSub: line=Và một lần nữa nó chỉ là sự kết hợp của. Chạm vào gõ và bất cứ khi nào họ đã quen với việc đó. Bất kể bạn làm gì nếu tay phải chiếm ưu thế, tay trái chiếm ưu thế, đó là điều chúng ta sẽ nói đến.
2024-08-28 11:36:34,834 - INFO - FormatFileSub: line=00:00:37,620 --> 00:00:47,620
2024-08-28 11:36:34,834 - INFO - FormatFileSub: line=00:00:37,620 --> 00:00:47,620
2024-08-28 11:36:34,835 - INFO - FormatFileSub: line=Bạn sẽ sử dụng các nguyên tắc cơ bản của việc gõ bằng cảm ứng. Bạn sẽ đặt bàn tay của
2024-08-28 11:36:34,835 - INFO - FormatFileSub: line=Bạn sẽ sử dụng các nguyên tắc cơ bản của việc gõ bằng cảm ứng. Bạn sẽ đặt bàn tay của
2024-08-28 11:36:34,835 - INFO - FormatFileSub: line=bạn ở đây hoặc các ngón tay của bạn đặt ở đây ngón tay cái của bạn đặt ở đây và.
2024-08-28 11:36:34,835 - INFO - FormatFileSub: line=bạn ở đây hoặc các ngón tay của bạn đặt ở đây ngón tay cái của bạn đặt ở đây và.
2024-08-28 11:36:34,836 - INFO - TachFileSub: sub_file=C:/Users/vvn20206205/Downloads/video/TouchTyping/contents/thu/2Tay/FastTypingMasteryFromBeginnertoExpertin45Minutes_VVN\000000003\000000012_vn1.vvn.nghia
2024-08-28 11:36:34,837 - INFO - TachFileSub: new_file=C:/Users/vvn20206205/Downloads/video/TouchTyping/contents/thu/2Tay/FastTypingMasteryFromBeginnertoExpertin45Minutes_VVN\000000003\000000012_vn2.vvn.nghia
2024-08-28 11:36:34,844 - INFO - FormatFileSub: line=00:00:00,120 --> 00:00:22,450
2024-08-28 11:36:34,845 - INFO - FormatFileSub: line=00:00:00,120 --> 00:00:22,450
2024-08-28 11:36:34,845 - INFO - FormatFileSub: line=Như tôi đã nói trước đây, hãy tin tưởng lời khuyên của tôi vì mỗi người sẽ học theo những cách khác nhau nên sử dụng phương pháp nào hoàn toàn phụ thuộc. Về việc bạn là ai và bạn muốn đạt được điều gì theo kinh nghiệm của tôi, việc học bằng cách chạm mất nhiều thời gian hơn một chút nhưng cho phép bạn gõ nhanh hơn một chút. Tôi nghĩ rằng ping khi chạm có thể làm giảm căng thẳng.
2024-08-28 11:36:34,845 - INFO - FormatFileSub: line=Như tôi đã nói trước đây, hãy tin tưởng lời khuyên của tôi vì mỗi người sẽ học theo những cách khác nhau nên sử dụng phương pháp nào hoàn toàn phụ thuộc. Về việc bạn là ai và bạn muốn đạt được điều gì theo kinh nghiệm của tôi, việc học bằng cách chạm mất nhiều thời gian hơn một chút nhưng cho phép bạn gõ nhanh hơn một chút. Tôi nghĩ rằng ping khi chạm có thể làm giảm căng thẳng.
2024-08-28 11:36:34,846 - INFO - FormatFileSub: line=00:00:22,560 --> 00:00:35,580
2024-08-28 11:36:34,846 - INFO - FormatFileSub: line=00:00:22,560 --> 00:00:35,580
2024-08-28 11:36:34,846 - INFO - FormatFileSub: line=Trên cổ tay và bàn tay của bạn nhưng điều đó chưa bao giờ được chứng minh, đó chỉ là những gì tôi nghĩ việc gõ bằng cảm ứng cũng đòi hỏi phải thực hành rất nhiều để thành thạo cách gõ độc đáo này tuy nhiên tôi cũng cần phải thực hành tương tự nhưng tôi nghĩ vậy.
2024-08-28 11:36:34,847 - INFO - FormatFileSub: line=Trên cổ tay và bàn tay của bạn nhưng điều đó chưa bao giờ được chứng minh, đó chỉ là những gì tôi nghĩ việc gõ bằng cảm ứng cũng đòi hỏi phải thực hành rất nhiều để thành thạo cách gõ độc đáo này tuy nhiên tôi cũng cần phải thực hành tương tự nhưng tôi nghĩ vậy.
2024-08-28 11:36:34,847 - INFO - FormatFileSub: line=00:00:35,940 --> 00:00:47,440
2024-08-28 11:36:34,847 - INFO - FormatFileSub: line=00:00:35,940 --> 00:00:47,440
2024-08-28 11:36:34,847 - INFO - FormatFileSub: line=Nó cho phép bạn gõ nhanh hơn một cách tự nhiên. Lý do tôi nói vậy là vì gõ bằng cảm ứng cực kỳ nghiêm ngặt và nếu bạn muốn thư giãn và không muốn gõ.
2024-08-28 11:36:34,848 - INFO - FormatFileSub: line=Nó cho phép bạn gõ nhanh hơn một cách tự nhiên. Lý do tôi nói vậy là vì gõ bằng cảm ứng cực kỳ nghiêm ngặt và nếu bạn muốn thư giãn và không muốn gõ.
2024-08-28 11:36:34,848 - INFO - FormatFileSub: line=00:00:47,700 --> 00:01:14,160
2024-08-28 11:36:34,848 - INFO - FormatFileSub: line=00:00:47,700 --> 00:01:14,160
2024-08-28 11:36:34,848 - INFO - FormatFileSub: line=Một cách rất nghiêm ngặt. Cho phép không bị thuyết phục Cho phép bản thân gõ một cách độc đáo, chỉ cần di chuyển các ngón tay của bạn và cho phép bạn thư giãn và chỉ gõ, thật khó để giải thích nhưng qua kinh nghiệm cá nhân, đó là điều mà cá nhân tất cả các học sinh khác của tôi đã nói, tôi nghĩ rằng điều đó độc đáo hơn một chút thoải mái, tôi nghĩ sẽ mất nhiều thời gian hơn để học chỉ vì nếu không có bộ quy tắc thực sự nghiêm ngặt và.
2024-08-28 11:36:34,849 - INFO - FormatFileSub: line=Một cách rất nghiêm ngặt. Cho phép không bị thuyết phục Cho phép bản thân gõ một cách độc đáo, chỉ cần di chuyển các ngón tay của bạn và cho phép bạn thư giãn và chỉ gõ, thật khó để giải thích nhưng qua kinh nghiệm cá nhân, đó là điều mà cá nhân tất cả các học sinh khác của tôi đã nói, tôi nghĩ rằng điều đó độc đáo hơn một chút thoải mái, tôi nghĩ sẽ mất nhiều thời gian hơn để học chỉ vì nếu không có bộ quy tắc thực sự nghiêm ngặt và.
2024-08-28 11:36:34,852 - INFO - ChuyenAmThanh: sub_file=C:/Users/vvn20206205/Downloads/video/TouchTyping/contents/thu/2Tay/FastTypingMasteryFromBeginnertoExpertin45Minutes_VVN\000000001\000000001_vn2.vvn.nghia
2024-08-28 11:36:34,853 - INFO - ChuyenAmThanh: audio_folder=C:/Users/vvn20206205/Downloads/video/TouchTyping/contents/thu/2Tay/FastTypingMasteryFromBeginnertoExpertin45Minutes_VVN\000000001\000000001
2024-08-28 11:36:34,933 - INFO - Imported existing <module 'comtypes.gen' from 'C:\\Users\\vvn20206205\\AppData\\Local\\Programs\\Python\\Python312\\Lib\\site-packages\\comtypes\\gen\\__init__.py'>
2024-08-28 11:36:34,934 - INFO - Using writeable comtypes cache directory: 'C:\Users\vvn20206205\AppData\Local\Programs\Python\Python312\Lib\site-packages\comtypes\gen'
2024-08-28 11:36:35,803 - INFO - ChuyenAmThanh: sub_file=C:/Users/vvn20206205/Downloads/video/TouchTyping/contents/thu/2Tay/FastTypingMasteryFromBeginnertoExpertin45Minutes_VVN\000000001\000000002_vn2.vvn.nghia
2024-08-28 11:36:35,803 - INFO - ChuyenAmThanh: audio_folder=C:/Users/vvn20206205/Downloads/video/TouchTyping/contents/thu/2Tay/FastTypingMasteryFromBeginnertoExpertin45Minutes_VVN\000000001\000000002
2024-08-28 11:36:36,405 - INFO - ChuyenAmThanh: sub_file=C:/Users/vvn20206205/Downloads/video/TouchTyping/contents/thu/2Tay/FastTypingMasteryFromBeginnertoExpertin45Minutes_VVN\000000001\000000003_vn2.vvn.nghia
2024-08-28 11:36:36,405 - INFO - ChuyenAmThanh: audio_folder=C:/Users/vvn20206205/Downloads/video/TouchTyping/contents/thu/2Tay/FastTypingMasteryFromBeginnertoExpertin45Minutes_VVN\000000001\000000003
2024-08-28 11:36:37,533 - INFO - ChuyenAmThanh: sub_file=C:/Users/vvn20206205/Downloads/video/TouchTyping/contents/thu/2Tay/FastTypingMasteryFromBeginnertoExpertin45Minutes_VVN\000000001\000000004_vn2.vvn.nghia
2024-08-28 11:36:37,534 - INFO - ChuyenAmThanh: audio_folder=C:/Users/vvn20206205/Downloads/video/TouchTyping/contents/thu/2Tay/FastTypingMasteryFromBeginnertoExpertin45Minutes_VVN\000000001\000000004
2024-08-28 11:36:38,610 - INFO - ChuyenAmThanh: sub_file=C:/Users/vvn20206205/Downloads/video/TouchTyping/contents/thu/2Tay/FastTypingMasteryFromBeginnertoExpertin45Minutes_VVN\000000002\000000005_vn2.vvn.nghia
2024-08-28 11:36:38,610 - INFO - ChuyenAmThanh: audio_folder=C:/Users/vvn20206205/Downloads/video/TouchTyping/contents/thu/2Tay/FastTypingMasteryFromBeginnertoExpertin45Minutes_VVN\000000002\000000005
2024-08-28 11:36:42,921 - INFO - ChuyenAmThanh: sub_file=C:/Users/vvn20206205/Downloads/video/TouchTyping/contents/thu/2Tay/FastTypingMasteryFromBeginnertoExpertin45Minutes_VVN\000000002\000000006_vn2.vvn.nghia
2024-08-28 11:36:42,921 - INFO - ChuyenAmThanh: audio_folder=C:/Users/vvn20206205/Downloads/video/TouchTyping/contents/thu/2Tay/FastTypingMasteryFromBeginnertoExpertin45Minutes_VVN\000000002\000000006
2024-08-28 11:36:43,358 - INFO - ChuyenAmThanh: sub_file=C:/Users/vvn20206205/Downloads/video/TouchTyping/contents/thu/2Tay/FastTypingMasteryFromBeginnertoExpertin45Minutes_VVN\000000002\000000007_vn2.vvn.nghia
2024-08-28 11:36:43,359 - INFO - ChuyenAmThanh: audio_folder=C:/Users/vvn20206205/Downloads/video/TouchTyping/contents/thu/2Tay/FastTypingMasteryFromBeginnertoExpertin45Minutes_VVN\000000002\000000007
2024-08-28 11:36:45,097 - INFO - ChuyenAmThanh: sub_file=C:/Users/vvn20206205/Downloads/video/TouchTyping/contents/thu/2Tay/FastTypingMasteryFromBeginnertoExpertin45Minutes_VVN\000000002\000000008_vn2.vvn.nghia
2024-08-28 11:36:45,098 - INFO - ChuyenAmThanh: audio_folder=C:/Users/vvn20206205/Downloads/video/TouchTyping/contents/thu/2Tay/FastTypingMasteryFromBeginnertoExpertin45Minutes_VVN\000000002\000000008
2024-08-28 11:36:45,441 - INFO - ChuyenAmThanh: sub_file=C:/Users/vvn20206205/Downloads/video/TouchTyping/contents/thu/2Tay/FastTypingMasteryFromBeginnertoExpertin45Minutes_VVN\000000003\000000010_vn2.vvn.nghia
2024-08-28 11:36:45,441 - INFO - ChuyenAmThanh: audio_folder=C:/Users/vvn20206205/Downloads/video/TouchTyping/contents/thu/2Tay/FastTypingMasteryFromBeginnertoExpertin45Minutes_VVN\000000003\000000010
2024-08-28 11:36:46,114 - INFO - ChuyenAmThanh: sub_file=C:/Users/vvn20206205/Downloads/video/TouchTyping/contents/thu/2Tay/FastTypingMasteryFromBeginnertoExpertin45Minutes_VVN\000000003\000000011_vn2.vvn.nghia
2024-08-28 11:36:46,114 - INFO - ChuyenAmThanh: audio_folder=C:/Users/vvn20206205/Downloads/video/TouchTyping/contents/thu/2Tay/FastTypingMasteryFromBeginnertoExpertin45Minutes_VVN\000000003\000000011
2024-08-28 11:36:47,157 - INFO - ChuyenAmThanh: sub_file=C:/Users/vvn20206205/Downloads/video/TouchTyping/contents/thu/2Tay/FastTypingMasteryFromBeginnertoExpertin45Minutes_VVN\000000003\000000012_vn2.vvn.nghia
2024-08-28 11:36:47,157 - INFO - ChuyenAmThanh: audio_folder=C:/Users/vvn20206205/Downloads/video/TouchTyping/contents/thu/2Tay/FastTypingMasteryFromBeginnertoExpertin45Minutes_VVN\000000003\000000012
2024-08-28 11:36:52,070 - INFO - HopAmThanh: sub_file=C:/Users/vvn20206205/Downloads/video/TouchTyping/contents/thu/2Tay/FastTypingMasteryFromBeginnertoExpertin45Minutes_VVN\000000001\000000001_vn2.vvn.nghia
2024-08-28 11:36:52,071 - INFO - HopAmThanh: audio_folder=C:/Users/vvn20206205/Downloads/video/TouchTyping/contents/thu/2Tay/FastTypingMasteryFromBeginnertoExpertin45Minutes_VVN\000000001\000000001
2024-08-28 11:36:52,071 - INFO - HopAmThanh: new_file=C:/Users/vvn20206205/Downloads/video/TouchTyping/contents/thu/2Tay/FastTypingMasteryFromBeginnertoExpertin45Minutes_VVN\000000001\000000001.wav
2024-08-28 11:36:52,096 - INFO - HopAmThanh: sub_file=C:/Users/vvn20206205/Downloads/video/TouchTyping/contents/thu/2Tay/FastTypingMasteryFromBeginnertoExpertin45Minutes_VVN\000000001\000000002_vn2.vvn.nghia
2024-08-28 11:36:52,097 - INFO - HopAmThanh: audio_folder=C:/Users/vvn20206205/Downloads/video/TouchTyping/contents/thu/2Tay/FastTypingMasteryFromBeginnertoExpertin45Minutes_VVN\000000001\000000002
2024-08-28 11:36:52,097 - INFO - HopAmThanh: new_file=C:/Users/vvn20206205/Downloads/video/TouchTyping/contents/thu/2Tay/FastTypingMasteryFromBeginnertoExpertin45Minutes_VVN\000000001\000000002.wav
2024-08-28 11:36:52,131 - INFO - HopAmThanh: sub_file=C:/Users/vvn20206205/Downloads/video/TouchTyping/contents/thu/2Tay/FastTypingMasteryFromBeginnertoExpertin45Minutes_VVN\000000001\000000003_vn2.vvn.nghia
2024-08-28 11:36:52,131 - INFO - HopAmThanh: audio_folder=C:/Users/vvn20206205/Downloads/video/TouchTyping/contents/thu/2Tay/FastTypingMasteryFromBeginnertoExpertin45Minutes_VVN\000000001\000000003
2024-08-28 11:36:52,132 - INFO - HopAmThanh: new_file=C:/Users/vvn20206205/Downloads/video/TouchTyping/contents/thu/2Tay/FastTypingMasteryFromBeginnertoExpertin45Minutes_VVN\000000001\000000003.wav
2024-08-28 11:36:52,189 - INFO - HopAmThanh: sub_file=C:/Users/vvn20206205/Downloads/video/TouchTyping/contents/thu/2Tay/FastTypingMasteryFromBeginnertoExpertin45Minutes_VVN\000000001\000000004_vn2.vvn.nghia
2024-08-28 11:36:52,189 - INFO - HopAmThanh: audio_folder=C:/Users/vvn20206205/Downloads/video/TouchTyping/contents/thu/2Tay/FastTypingMasteryFromBeginnertoExpertin45Minutes_VVN\000000001\000000004
2024-08-28 11:36:52,190 - INFO - HopAmThanh: new_file=C:/Users/vvn20206205/Downloads/video/TouchTyping/contents/thu/2Tay/FastTypingMasteryFromBeginnertoExpertin45Minutes_VVN\000000001\000000004.wav
2024-08-28 11:36:52,239 - INFO - HopAmThanh: sub_file=C:/Users/vvn20206205/Downloads/video/TouchTyping/contents/thu/2Tay/FastTypingMasteryFromBeginnertoExpertin45Minutes_VVN\000000002\000000005_vn2.vvn.nghia
2024-08-28 11:36:52,240 - INFO - HopAmThanh: audio_folder=C:/Users/vvn20206205/Downloads/video/TouchTyping/contents/thu/2Tay/FastTypingMasteryFromBeginnertoExpertin45Minutes_VVN\000000002\000000005
2024-08-28 11:36:52,240 - INFO - HopAmThanh: new_file=C:/Users/vvn20206205/Downloads/video/TouchTyping/contents/thu/2Tay/FastTypingMasteryFromBeginnertoExpertin45Minutes_VVN\000000002\000000005.wav
2024-08-28 11:36:52,452 - INFO - HopAmThanh: sub_file=C:/Users/vvn20206205/Downloads/video/TouchTyping/contents/thu/2Tay/FastTypingMasteryFromBeginnertoExpertin45Minutes_VVN\000000002\000000006_vn2.vvn.nghia
2024-08-28 11:36:52,452 - INFO - HopAmThanh: audio_folder=C:/Users/vvn20206205/Downloads/video/TouchTyping/contents/thu/2Tay/FastTypingMasteryFromBeginnertoExpertin45Minutes_VVN\000000002\000000006
2024-08-28 11:36:52,453 - INFO - HopAmThanh: new_file=C:/Users/vvn20206205/Downloads/video/TouchTyping/contents/thu/2Tay/FastTypingMasteryFromBeginnertoExpertin45Minutes_VVN\000000002\000000006.wav
2024-08-28 11:36:52,471 - INFO - HopAmThanh: sub_file=C:/Users/vvn20206205/Downloads/video/TouchTyping/contents/thu/2Tay/FastTypingMasteryFromBeginnertoExpertin45Minutes_VVN\000000002\000000007_vn2.vvn.nghia
2024-08-28 11:36:52,472 - INFO - HopAmThanh: audio_folder=C:/Users/vvn20206205/Downloads/video/TouchTyping/contents/thu/2Tay/FastTypingMasteryFromBeginnertoExpertin45Minutes_VVN\000000002\000000007
2024-08-28 11:36:52,473 - INFO - HopAmThanh: new_file=C:/Users/vvn20206205/Downloads/video/TouchTyping/contents/thu/2Tay/FastTypingMasteryFromBeginnertoExpertin45Minutes_VVN\000000002\000000007.wav
2024-08-28 11:36:52,549 - INFO - HopAmThanh: sub_file=C:/Users/vvn20206205/Downloads/video/TouchTyping/contents/thu/2Tay/FastTypingMasteryFromBeginnertoExpertin45Minutes_VVN\000000002\000000008_vn2.vvn.nghia
2024-08-28 11:36:52,550 - INFO - HopAmThanh: audio_folder=C:/Users/vvn20206205/Downloads/video/TouchTyping/contents/thu/2Tay/FastTypingMasteryFromBeginnertoExpertin45Minutes_VVN\000000002\000000008
2024-08-28 11:36:52,550 - INFO - HopAmThanh: new_file=C:/Users/vvn20206205/Downloads/video/TouchTyping/contents/thu/2Tay/FastTypingMasteryFromBeginnertoExpertin45Minutes_VVN\000000002\000000008.wav
2024-08-28 11:36:52,563 - INFO - HopAmThanh: sub_file=C:/Users/vvn20206205/Downloads/video/TouchTyping/contents/thu/2Tay/FastTypingMasteryFromBeginnertoExpertin45Minutes_VVN\000000003\000000010_vn2.vvn.nghia
2024-08-28 11:36:52,563 - INFO - HopAmThanh: audio_folder=C:/Users/vvn20206205/Downloads/video/TouchTyping/contents/thu/2Tay/FastTypingMasteryFromBeginnertoExpertin45Minutes_VVN\000000003\000000010
2024-08-28 11:36:52,563 - INFO - HopAmThanh: new_file=C:/Users/vvn20206205/Downloads/video/TouchTyping/contents/thu/2Tay/FastTypingMasteryFromBeginnertoExpertin45Minutes_VVN\000000003\000000010.wav
2024-08-28 11:36:52,588 - INFO - HopAmThanh: sub_file=C:/Users/vvn20206205/Downloads/video/TouchTyping/contents/thu/2Tay/FastTypingMasteryFromBeginnertoExpertin45Minutes_VVN\000000003\000000011_vn2.vvn.nghia
2024-08-28 11:36:52,589 - INFO - HopAmThanh: audio_folder=C:/Users/vvn20206205/Downloads/video/TouchTyping/contents/thu/2Tay/FastTypingMasteryFromBeginnertoExpertin45Minutes_VVN\000000003\000000011
2024-08-28 11:36:52,589 - INFO - HopAmThanh: new_file=C:/Users/vvn20206205/Downloads/video/TouchTyping/contents/thu/2Tay/FastTypingMasteryFromBeginnertoExpertin45Minutes_VVN\000000003\000000011.wav
2024-08-28 11:36:52,642 - INFO - HopAmThanh: sub_file=C:/Users/vvn20206205/Downloads/video/TouchTyping/contents/thu/2Tay/FastTypingMasteryFromBeginnertoExpertin45Minutes_VVN\000000003\000000012_vn2.vvn.nghia
2024-08-28 11:36:52,643 - INFO - HopAmThanh: audio_folder=C:/Users/vvn20206205/Downloads/video/TouchTyping/contents/thu/2Tay/FastTypingMasteryFromBeginnertoExpertin45Minutes_VVN\000000003\000000012
2024-08-28 11:36:52,643 - INFO - HopAmThanh: new_file=C:/Users/vvn20206205/Downloads/video/TouchTyping/contents/thu/2Tay/FastTypingMasteryFromBeginnertoExpertin45Minutes_VVN\000000003\000000012.wav
2024-08-28 11:36:52,703 - INFO - GhepAmThanh: sub_file=C:/Users/vvn20206205/Downloads/video/TouchTyping/contents/thu/2Tay/FastTypingMasteryFromBeginnertoExpertin45Minutes_VVN\000000001\000000001_vn2.vvn.nghia
2024-08-28 11:36:52,703 - INFO - GhepAmThanh: mp4_file=C:/Users/vvn20206205/Downloads/video/TouchTyping/contents/thu/2Tay/FastTypingMasteryFromBeginnertoExpertin45Minutes_VVN\000000001\000000001.mp4
2024-08-28 11:36:52,703 - INFO - GhepAmThanh: audio_file=C:/Users/vvn20206205/Downloads/video/TouchTyping/contents/thu/2Tay/FastTypingMasteryFromBeginnertoExpertin45Minutes_VVN\000000001\000000001.wav
2024-08-28 11:36:52,704 - INFO - GhepAmThanh: video_vn1_file=C:/Users/vvn20206205/Downloads/video/TouchTyping/contents/thu/2Tay/FastTypingMasteryFromBeginnertoExpertin45Minutes_VVN\000000001\000000001_vn1.vvn.nghia.mp4
2024-08-28 11:36:52,704 - INFO - GhepAmThanh: video_vn2_file=C:/Users/vvn20206205/Downloads/video/TouchTyping/contents/thu/2Tay/FastTypingMasteryFromBeginnertoExpertin45Minutes_VVN\000000001\000000001_vn2.vvn.nghia.mp4
2024-08-28 11:36:53,674 - INFO - GhepAmThanh: sub_file=C:/Users/vvn20206205/Downloads/video/TouchTyping/contents/thu/2Tay/FastTypingMasteryFromBeginnertoExpertin45Minutes_VVN\000000001\000000002_vn2.vvn.nghia
2024-08-28 11:36:53,674 - INFO - GhepAmThanh: mp4_file=C:/Users/vvn20206205/Downloads/video/TouchTyping/contents/thu/2Tay/FastTypingMasteryFromBeginnertoExpertin45Minutes_VVN\000000001\000000002.mp4
2024-08-28 11:36:53,675 - INFO - GhepAmThanh: audio_file=C:/Users/vvn20206205/Downloads/video/TouchTyping/contents/thu/2Tay/FastTypingMasteryFromBeginnertoExpertin45Minutes_VVN\000000001\000000002.wav
2024-08-28 11:36:53,675 - INFO - GhepAmThanh: video_vn1_file=C:/Users/vvn20206205/Downloads/video/TouchTyping/contents/thu/2Tay/FastTypingMasteryFromBeginnertoExpertin45Minutes_VVN\000000001\000000002_vn1.vvn.nghia.mp4
2024-08-28 11:36:53,676 - INFO - GhepAmThanh: video_vn2_file=C:/Users/vvn20206205/Downloads/video/TouchTyping/contents/thu/2Tay/FastTypingMasteryFromBeginnertoExpertin45Minutes_VVN\000000001\000000002_vn2.vvn.nghia.mp4
2024-08-28 11:36:54,254 - INFO - GhepAmThanh: sub_file=C:/Users/vvn20206205/Downloads/video/TouchTyping/contents/thu/2Tay/FastTypingMasteryFromBeginnertoExpertin45Minutes_VVN\000000001\000000003_vn2.vvn.nghia
2024-08-28 11:36:54,254 - INFO - GhepAmThanh: mp4_file=C:/Users/vvn20206205/Downloads/video/TouchTyping/contents/thu/2Tay/FastTypingMasteryFromBeginnertoExpertin45Minutes_VVN\000000001\000000003.mp4
2024-08-28 11:36:54,255 - INFO - GhepAmThanh: audio_file=C:/Users/vvn20206205/Downloads/video/TouchTyping/contents/thu/2Tay/FastTypingMasteryFromBeginnertoExpertin45Minutes_VVN\000000001\000000003.wav
2024-08-28 11:36:54,255 - INFO - GhepAmThanh: video_vn1_file=C:/Users/vvn20206205/Downloads/video/TouchTyping/contents/thu/2Tay/FastTypingMasteryFromBeginnertoExpertin45Minutes_VVN\000000001\000000003_vn1.vvn.nghia.mp4
2024-08-28 11:36:54,256 - INFO - GhepAmThanh: video_vn2_file=C:/Users/vvn20206205/Downloads/video/TouchTyping/contents/thu/2Tay/FastTypingMasteryFromBeginnertoExpertin45Minutes_VVN\000000001\000000003_vn2.vvn.nghia.mp4
2024-08-28 11:36:55,270 - INFO - GhepAmThanh: sub_file=C:/Users/vvn20206205/Downloads/video/TouchTyping/contents/thu/2Tay/FastTypingMasteryFromBeginnertoExpertin45Minutes_VVN\000000001\000000004_vn2.vvn.nghia
2024-08-28 11:36:55,271 - INFO - GhepAmThanh: mp4_file=C:/Users/vvn20206205/Downloads/video/TouchTyping/contents/thu/2Tay/FastTypingMasteryFromBeginnertoExpertin45Minutes_VVN\000000001\000000004.mp4
2024-08-28 11:36:55,271 - INFO - GhepAmThanh: audio_file=C:/Users/vvn20206205/Downloads/video/TouchTyping/contents/thu/2Tay/FastTypingMasteryFromBeginnertoExpertin45Minutes_VVN\000000001\000000004.wav
2024-08-28 11:36:55,272 - INFO - GhepAmThanh: video_vn1_file=C:/Users/vvn20206205/Downloads/video/TouchTyping/contents/thu/2Tay/FastTypingMasteryFromBeginnertoExpertin45Minutes_VVN\000000001\000000004_vn1.vvn.nghia.mp4
2024-08-28 11:36:55,272 - INFO - GhepAmThanh: video_vn2_file=C:/Users/vvn20206205/Downloads/video/TouchTyping/contents/thu/2Tay/FastTypingMasteryFromBeginnertoExpertin45Minutes_VVN\000000001\000000004_vn2.vvn.nghia.mp4
2024-08-28 11:36:56,333 - INFO - GhepAmThanh: sub_file=C:/Users/vvn20206205/Downloads/video/TouchTyping/contents/thu/2Tay/FastTypingMasteryFromBeginnertoExpertin45Minutes_VVN\000000002\000000005_vn2.vvn.nghia
2024-08-28 11:36:56,334 - INFO - GhepAmThanh: mp4_file=C:/Users/vvn20206205/Downloads/video/TouchTyping/contents/thu/2Tay/FastTypingMasteryFromBeginnertoExpertin45Minutes_VVN\000000002\000000005.mp4
2024-08-28 11:36:56,334 - INFO - GhepAmThanh: audio_file=C:/Users/vvn20206205/Downloads/video/TouchTyping/contents/thu/2Tay/FastTypingMasteryFromBeginnertoExpertin45Minutes_VVN\000000002\000000005.wav
2024-08-28 11:36:56,335 - INFO - GhepAmThanh: video_vn1_file=C:/Users/vvn20206205/Downloads/video/TouchTyping/contents/thu/2Tay/FastTypingMasteryFromBeginnertoExpertin45Minutes_VVN\000000002\000000005_vn1.vvn.nghia.mp4
2024-08-28 11:36:56,335 - INFO - GhepAmThanh: video_vn2_file=C:/Users/vvn20206205/Downloads/video/TouchTyping/contents/thu/2Tay/FastTypingMasteryFromBeginnertoExpertin45Minutes_VVN\000000002\000000005_vn2.vvn.nghia.mp4
2024-08-28 11:37:00,435 - INFO - GhepAmThanh: sub_file=C:/Users/vvn20206205/Downloads/video/TouchTyping/contents/thu/2Tay/FastTypingMasteryFromBeginnertoExpertin45Minutes_VVN\000000002\000000006_vn2.vvn.nghia
2024-08-28 11:37:00,436 - INFO - GhepAmThanh: mp4_file=C:/Users/vvn20206205/Downloads/video/TouchTyping/contents/thu/2Tay/FastTypingMasteryFromBeginnertoExpertin45Minutes_VVN\000000002\000000006.mp4
2024-08-28 11:37:00,436 - INFO - GhepAmThanh: audio_file=C:/Users/vvn20206205/Downloads/video/TouchTyping/contents/thu/2Tay/FastTypingMasteryFromBeginnertoExpertin45Minutes_VVN\000000002\000000006.wav
2024-08-28 11:37:00,437 - INFO - GhepAmThanh: video_vn1_file=C:/Users/vvn20206205/Downloads/video/TouchTyping/contents/thu/2Tay/FastTypingMasteryFromBeginnertoExpertin45Minutes_VVN\000000002\000000006_vn1.vvn.nghia.mp4
2024-08-28 11:37:00,437 - INFO - GhepAmThanh: video_vn2_file=C:/Users/vvn20206205/Downloads/video/TouchTyping/contents/thu/2Tay/FastTypingMasteryFromBeginnertoExpertin45Minutes_VVN\000000002\000000006_vn2.vvn.nghia.mp4
2024-08-28 11:37:01,003 - INFO - GhepAmThanh: sub_file=C:/Users/vvn20206205/Downloads/video/TouchTyping/contents/thu/2Tay/FastTypingMasteryFromBeginnertoExpertin45Minutes_VVN\000000002\000000007_vn2.vvn.nghia
2024-08-28 11:37:01,004 - INFO - GhepAmThanh: mp4_file=C:/Users/vvn20206205/Downloads/video/TouchTyping/contents/thu/2Tay/FastTypingMasteryFromBeginnertoExpertin45Minutes_VVN\000000002\000000007.mp4
2024-08-28 11:37:01,004 - INFO - GhepAmThanh: audio_file=C:/Users/vvn20206205/Downloads/video/TouchTyping/contents/thu/2Tay/FastTypingMasteryFromBeginnertoExpertin45Minutes_VVN\000000002\000000007.wav
2024-08-28 11:37:01,005 - INFO - GhepAmThanh: video_vn1_file=C:/Users/vvn20206205/Downloads/video/TouchTyping/contents/thu/2Tay/FastTypingMasteryFromBeginnertoExpertin45Minutes_VVN\000000002\000000007_vn1.vvn.nghia.mp4
2024-08-28 11:37:01,005 - INFO - GhepAmThanh: video_vn2_file=C:/Users/vvn20206205/Downloads/video/TouchTyping/contents/thu/2Tay/FastTypingMasteryFromBeginnertoExpertin45Minutes_VVN\000000002\000000007_vn2.vvn.nghia.mp4
2024-08-28 11:37:02,523 - INFO - GhepAmThanh: sub_file=C:/Users/vvn20206205/Downloads/video/TouchTyping/contents/thu/2Tay/FastTypingMasteryFromBeginnertoExpertin45Minutes_VVN\000000002\000000008_vn2.vvn.nghia
2024-08-28 11:37:02,523 - INFO - GhepAmThanh: mp4_file=C:/Users/vvn20206205/Downloads/video/TouchTyping/contents/thu/2Tay/FastTypingMasteryFromBeginnertoExpertin45Minutes_VVN\000000002\000000008.mp4
2024-08-28 11:37:02,523 - INFO - GhepAmThanh: audio_file=C:/Users/vvn20206205/Downloads/video/TouchTyping/contents/thu/2Tay/FastTypingMasteryFromBeginnertoExpertin45Minutes_VVN\000000002\000000008.wav
2024-08-28 11:37:02,524 - INFO - GhepAmThanh: video_vn1_file=C:/Users/vvn20206205/Downloads/video/TouchTyping/contents/thu/2Tay/FastTypingMasteryFromBeginnertoExpertin45Minutes_VVN\000000002\000000008_vn1.vvn.nghia.mp4
2024-08-28 11:37:02,524 - INFO - GhepAmThanh: video_vn2_file=C:/Users/vvn20206205/Downloads/video/TouchTyping/contents/thu/2Tay/FastTypingMasteryFromBeginnertoExpertin45Minutes_VVN\000000002\000000008_vn2.vvn.nghia.mp4
2024-08-28 11:37:03,039 - INFO - GhepAmThanh: sub_file=C:/Users/vvn20206205/Downloads/video/TouchTyping/contents/thu/2Tay/FastTypingMasteryFromBeginnertoExpertin45Minutes_VVN\000000003\000000010_vn2.vvn.nghia
2024-08-28 11:37:03,039 - INFO - GhepAmThanh: mp4_file=C:/Users/vvn20206205/Downloads/video/TouchTyping/contents/thu/2Tay/FastTypingMasteryFromBeginnertoExpertin45Minutes_VVN\000000003\000000010.mp4
2024-08-28 11:37:03,040 - INFO - GhepAmThanh: audio_file=C:/Users/vvn20206205/Downloads/video/TouchTyping/contents/thu/2Tay/FastTypingMasteryFromBeginnertoExpertin45Minutes_VVN\000000003\000000010.wav
2024-08-28 11:37:03,040 - INFO - GhepAmThanh: video_vn1_file=C:/Users/vvn20206205/Downloads/video/TouchTyping/contents/thu/2Tay/FastTypingMasteryFromBeginnertoExpertin45Minutes_VVN\000000003\000000010_vn1.vvn.nghia.mp4
2024-08-28 11:37:03,040 - INFO - GhepAmThanh: video_vn2_file=C:/Users/vvn20206205/Downloads/video/TouchTyping/contents/thu/2Tay/FastTypingMasteryFromBeginnertoExpertin45Minutes_VVN\000000003\000000010_vn2.vvn.nghia.mp4
2024-08-28 11:37:03,758 - INFO - GhepAmThanh: sub_file=C:/Users/vvn20206205/Downloads/video/TouchTyping/contents/thu/2Tay/FastTypingMasteryFromBeginnertoExpertin45Minutes_VVN\000000003\000000011_vn2.vvn.nghia
2024-08-28 11:37:03,759 - INFO - GhepAmThanh: mp4_file=C:/Users/vvn20206205/Downloads/video/TouchTyping/contents/thu/2Tay/FastTypingMasteryFromBeginnertoExpertin45Minutes_VVN\000000003\000000011.mp4
2024-08-28 11:37:03,759 - INFO - GhepAmThanh: audio_file=C:/Users/vvn20206205/Downloads/video/TouchTyping/contents/thu/2Tay/FastTypingMasteryFromBeginnertoExpertin45Minutes_VVN\000000003\000000011.wav
2024-08-28 11:37:03,759 - INFO - GhepAmThanh: video_vn1_file=C:/Users/vvn20206205/Downloads/video/TouchTyping/contents/thu/2Tay/FastTypingMasteryFromBeginnertoExpertin45Minutes_VVN\000000003\000000011_vn1.vvn.nghia.mp4
2024-08-28 11:37:03,760 - INFO - GhepAmThanh: video_vn2_file=C:/Users/vvn20206205/Downloads/video/TouchTyping/contents/thu/2Tay/FastTypingMasteryFromBeginnertoExpertin45Minutes_VVN\000000003\000000011_vn2.vvn.nghia.mp4
2024-08-28 11:37:04,576 - INFO - GhepAmThanh: sub_file=C:/Users/vvn20206205/Downloads/video/TouchTyping/contents/thu/2Tay/FastTypingMasteryFromBeginnertoExpertin45Minutes_VVN\000000003\000000012_vn2.vvn.nghia
2024-08-28 11:37:04,577 - INFO - GhepAmThanh: mp4_file=C:/Users/vvn20206205/Downloads/video/TouchTyping/contents/thu/2Tay/FastTypingMasteryFromBeginnertoExpertin45Minutes_VVN\000000003\000000012.mp4
2024-08-28 11:37:04,577 - INFO - GhepAmThanh: audio_file=C:/Users/vvn20206205/Downloads/video/TouchTyping/contents/thu/2Tay/FastTypingMasteryFromBeginnertoExpertin45Minutes_VVN\000000003\000000012.wav
2024-08-28 11:37:04,577 - INFO - GhepAmThanh: video_vn1_file=C:/Users/vvn20206205/Downloads/video/TouchTyping/contents/thu/2Tay/FastTypingMasteryFromBeginnertoExpertin45Minutes_VVN\000000003\000000012_vn1.vvn.nghia.mp4
2024-08-28 11:37:04,578 - INFO - GhepAmThanh: video_vn2_file=C:/Users/vvn20206205/Downloads/video/TouchTyping/contents/thu/2Tay/FastTypingMasteryFromBeginnertoExpertin45Minutes_VVN\000000003\000000012_vn2.vvn.nghia.mp4
2024-08-28 11:37:05,819 - INFO - DoiTenFileSub: sub_file=C:/Users/vvn20206205/Downloads/video/TouchTyping/contents/thu/2Tay/FastTypingMasteryFromBeginnertoExpertin45Minutes_VVN\000000001\000000001_vn2.vvn.nghia
2024-08-28 11:37:05,820 - INFO - DoiTenFileSub: new_file=C:/Users/vvn20206205/Downloads/video/TouchTyping/contents/thu/2Tay/FastTypingMasteryFromBeginnertoExpertin45Minutes_VVN\000000001\000000001_vn3.vvn.nghia.srt
2024-08-28 11:37:05,821 - INFO - DoiTenFileSub: sub_file=C:/Users/vvn20206205/Downloads/video/TouchTyping/contents/thu/2Tay/FastTypingMasteryFromBeginnertoExpertin45Minutes_VVN\000000001\000000002_vn2.vvn.nghia
2024-08-28 11:37:05,821 - INFO - DoiTenFileSub: new_file=C:/Users/vvn20206205/Downloads/video/TouchTyping/contents/thu/2Tay/FastTypingMasteryFromBeginnertoExpertin45Minutes_VVN\000000001\000000002_vn3.vvn.nghia.srt
2024-08-28 11:37:05,822 - INFO - DoiTenFileSub: sub_file=C:/Users/vvn20206205/Downloads/video/TouchTyping/contents/thu/2Tay/FastTypingMasteryFromBeginnertoExpertin45Minutes_VVN\000000001\000000003_vn2.vvn.nghia
2024-08-28 11:37:05,822 - INFO - DoiTenFileSub: new_file=C:/Users/vvn20206205/Downloads/video/TouchTyping/contents/thu/2Tay/FastTypingMasteryFromBeginnertoExpertin45Minutes_VVN\000000001\000000003_vn3.vvn.nghia.srt
2024-08-28 11:37:05,823 - INFO - DoiTenFileSub: sub_file=C:/Users/vvn20206205/Downloads/video/TouchTyping/contents/thu/2Tay/FastTypingMasteryFromBeginnertoExpertin45Minutes_VVN\000000001\000000004_vn2.vvn.nghia
2024-08-28 11:37:05,823 - INFO - DoiTenFileSub: new_file=C:/Users/vvn20206205/Downloads/video/TouchTyping/contents/thu/2Tay/FastTypingMasteryFromBeginnertoExpertin45Minutes_VVN\000000001\000000004_vn3.vvn.nghia.srt
2024-08-28 11:37:05,824 - INFO - DoiTenFileSub: sub_file=C:/Users/vvn20206205/Downloads/video/TouchTyping/contents/thu/2Tay/FastTypingMasteryFromBeginnertoExpertin45Minutes_VVN\000000002\000000005_vn2.vvn.nghia
2024-08-28 11:37:05,824 - INFO - DoiTenFileSub: new_file=C:/Users/vvn20206205/Downloads/video/TouchTyping/contents/thu/2Tay/FastTypingMasteryFromBeginnertoExpertin45Minutes_VVN\000000002\000000005_vn3.vvn.nghia.srt
2024-08-28 11:37:05,825 - INFO - DoiTenFileSub: sub_file=C:/Users/vvn20206205/Downloads/video/TouchTyping/contents/thu/2Tay/FastTypingMasteryFromBeginnertoExpertin45Minutes_VVN\000000002\000000006_vn2.vvn.nghia
2024-08-28 11:37:05,825 - INFO - DoiTenFileSub: new_file=C:/Users/vvn20206205/Downloads/video/TouchTyping/contents/thu/2Tay/FastTypingMasteryFromBeginnertoExpertin45Minutes_VVN\000000002\000000006_vn3.vvn.nghia.srt
2024-08-28 11:37:05,826 - INFO - DoiTenFileSub: sub_file=C:/Users/vvn20206205/Downloads/video/TouchTyping/contents/thu/2Tay/FastTypingMasteryFromBeginnertoExpertin45Minutes_VVN\000000002\000000007_vn2.vvn.nghia
2024-08-28 11:37:05,826 - INFO - DoiTenFileSub: new_file=C:/Users/vvn20206205/Downloads/video/TouchTyping/contents/thu/2Tay/FastTypingMasteryFromBeginnertoExpertin45Minutes_VVN\000000002\000000007_vn3.vvn.nghia.srt
2024-08-28 11:37:05,827 - INFO - DoiTenFileSub: sub_file=C:/Users/vvn20206205/Downloads/video/TouchTyping/contents/thu/2Tay/FastTypingMasteryFromBeginnertoExpertin45Minutes_VVN\000000002\000000008_vn2.vvn.nghia
2024-08-28 11:37:05,828 - INFO - DoiTenFileSub: new_file=C:/Users/vvn20206205/Downloads/video/TouchTyping/contents/thu/2Tay/FastTypingMasteryFromBeginnertoExpertin45Minutes_VVN\000000002\000000008_vn3.vvn.nghia.srt
2024-08-28 11:37:05,828 - INFO - DoiTenFileSub: sub_file=C:/Users/vvn20206205/Downloads/video/TouchTyping/contents/thu/2Tay/FastTypingMasteryFromBeginnertoExpertin45Minutes_VVN\000000003\000000010_vn2.vvn.nghia
2024-08-28 11:37:05,829 - INFO - DoiTenFileSub: new_file=C:/Users/vvn20206205/Downloads/video/TouchTyping/contents/thu/2Tay/FastTypingMasteryFromBeginnertoExpertin45Minutes_VVN\000000003\000000010_vn3.vvn.nghia.srt
2024-08-28 11:37:05,830 - INFO - DoiTenFileSub: sub_file=C:/Users/vvn20206205/Downloads/video/TouchTyping/contents/thu/2Tay/FastTypingMasteryFromBeginnertoExpertin45Minutes_VVN\000000003\000000011_vn2.vvn.nghia
2024-08-28 11:37:05,832 - INFO - DoiTenFileSub: new_file=C:/Users/vvn20206205/Downloads/video/TouchTyping/contents/thu/2Tay/FastTypingMasteryFromBeginnertoExpertin45Minutes_VVN\000000003\000000011_vn3.vvn.nghia.srt
2024-08-28 11:37:05,833 - INFO - DoiTenFileSub: sub_file=C:/Users/vvn20206205/Downloads/video/TouchTyping/contents/thu/2Tay/FastTypingMasteryFromBeginnertoExpertin45Minutes_VVN\000000003\000000012_vn2.vvn.nghia
2024-08-28 11:37:05,835 - INFO - DoiTenFileSub: new_file=C:/Users/vvn20206205/Downloads/video/TouchTyping/contents/thu/2Tay/FastTypingMasteryFromBeginnertoExpertin45Minutes_VVN\000000003\000000012_vn3.vvn.nghia.srt
2024-08-28 11:37:05,837 - WARNING - Kết thúc chức năng: Tất cả 2
2024-08-28 11:37:05,837 - WARNING - C:/Users/vvn20206205/Downloads/video/TouchTyping/contents/thu/2Tay/FastTypingMasteryFromBeginnertoExpertin45Minutes_VVN
2024-08-28 11:37:25,042 - WARNING - Bắt đầu chức năng: Xóa file sub
2024-08-28 11:37:25,045 - WARNING - Kết thúc chức năng: Xóa file sub
2024-08-28 11:37:25,046 - WARNING - C:/Users/vvn20206205/Downloads/video/TouchTyping/contents/thu/2Tay/FastTypingMasteryFromBeginnertoExpertin45Minutes_VVN
2024-08-28 11:37:26,390 - WARNING - Bắt đầu chức năng: Thoát chương trình
