2024-08-26 21:23:07,467 - WARNING - vàng
2024-08-26 21:23:07,468 - INFO - xanh
2024-08-26 21:23:07,468 - ERROR - đỏ
2024-08-26 21:25:22,529 - WARNING - + + + + + + + + + + + + + + + + + + + + + + + + + + + + + + + + + + + + + + + + + + + + + + + + + + 
2024-08-26 21:25:22,529 - WARNING - Bắt đầu chương trình
2024-08-26 21:25:22,529 - WARNING - + + + + + + + + + + + + + + + + + + + + + + + + + + + + + + + + + + + + + + + + + + + + + + + + + + 
2024-08-26 21:35:03,715 - WARNING - + + + + + + + + + + + + + + + + + + + + + + + + + + + + + + + + + + + + + + + + + + + + + + + + + + 
2024-08-26 21:35:03,715 - WARNING - Bắt đầu chương trình
2024-08-26 21:35:03,715 - WARNING - + + + + + + + + + + + + + + + + + + + + + + + + + + + + + + + + + + + + + + + + + + + + + + + + + + 
2024-08-26 21:41:34,503 - WARNING - Bắt đầu chương trình
2024-08-26 21:41:34,560 - WARNING - Bắt đầu chức năng: Chọn thư mục
2024-08-26 21:41:36,512 - WARNING - Kết thúc chức năng: Chọn thư mục
2024-08-26 21:45:09,622 - WARNING - Bắt đầu chương trình
2024-08-26 21:45:09,698 - WARNING - Bắt đầu chức năng: Chọn thư mục
2024-08-26 21:45:10,731 - INFO - Đã chọn thư mục: C:/Users/vvn20206205/Downloads/video/TouchTyping/test/Udemy - Touch Typing Mastery - Learn to type correctly 2020-5
2024-08-26 21:45:10,731 - WARNING - Kết thúc chức năng: Chọn thư mục
2024-08-26 21:46:40,486 - WARNING - Bắt đầu chương trình
2024-08-26 21:46:40,544 - WARNING - Bắt đầu chức năng: Chọn thư mục
2024-08-26 21:46:41,606 - INFO - Đã chọn thư mục: C:/Users/vvn20206205/Downloads/video/TouchTyping/test/Udemy - Touch Typing Mastery - Learn to type correctly 2020-5
2024-08-26 21:46:41,606 - WARNING - Kết thúc chức năng: Chọn thư mục
2024-08-26 21:46:59,631 - WARNING - Bắt đầu chức năng: Thoát chương trình
2024-08-26 21:47:30,847 - WARNING - Bắt đầu chương trình
2024-08-26 21:47:30,908 - WARNING - Bắt đầu chức năng: Chọn thư mục
2024-08-26 21:47:32,027 - INFO - Đã chọn thư mục: C:/Users/vvn20206205/Downloads/video/TouchTyping/test/Udemy - Touch Typing Mastery - Learn to type correctly 2020-5
2024-08-26 21:47:32,027 - WARNING - Kết thúc chức năng: Chọn thư mục
